TrainFile : ../../data/restaurant.format.train.input	RuleFile: ../../data/restaurant.rules.accuracy
FoldNum 5
Alpha 0.1
FoldId 1
Optimal	c 17	w 0	obfunc 1
TestOp 	c 17	w 9	obfunc 0.949721
TestLOP	c 13	w 0	obfunc 0.783133
TestExa	c 13	w 0	obfunc 0.783133
FoldId 2
Optimal	c 13	w 0	obfunc 0.935252
TestOp 	c 12	w 0	obfunc 0.869565
TestLOP	c 12	w 0	obfunc 0.869565
TestExa	c 12	w 0	obfunc 0.869565
FoldId 3
Optimal	c 28	w 2	obfunc 0.933333
TestOp 	c 25	w 4	obfunc 0.83612
TestLOP	c 21	w 0	obfunc 0.721649
TestExa	c 18	w 0	obfunc 0.625
FoldId 4
Optimal	c 25	w 2	obfunc 0.992063
TestOp 	c 20	w 1	obfunc 0.813008
TestLOP	c 18	w 0	obfunc 0.740741
TestExa	c 16	w 0	obfunc 0.6639
FoldId 5
Optimal	c 20	w 0	obfunc 1
TestOp 	c 20	w 4	obfunc 0.980392
TestLOP	c 17	w 2	obfunc 0.854271
TestExa	c 16	w 0	obfunc 0.816327

Alpha 0.2
FoldId 1
Optimal	c 17	w 0	obfunc 1
TestOp 	c 17	w 1	obfunc 0.988372
TestLOP	c 13	w 0	obfunc 0.802469
TestExa	c 12	w 0	obfunc 0.75
FoldId 2
Optimal	c 13	w 0	obfunc 0.942029
TestOp 	c 12	w 0	obfunc 0.882353
TestLOP	c 13	w 0	obfunc 0.942029
TestExa	c 12	w 0	obfunc 0.882353
FoldId 3
Optimal	c 28	w 2	obfunc 0.933333
TestOp 	c 25	w 4	obfunc 0.838926
TestLOP	c 21	w 0	obfunc 0.744681
TestExa	c 18	w 0	obfunc 0.652174
FoldId 4
Optimal	c 25	w 2	obfunc 0.984252
TestOp 	c 20	w 1	obfunc 0.826446
TestLOP	c 18	w 0	obfunc 0.762712
TestExa	c 16	w 0	obfunc 0.689655
FoldId 5
Optimal	c 20	w 0	obfunc 1
TestOp 	c 20	w 4	obfunc 0.961538
TestLOP	c 17	w 2	obfunc 0.858586
TestExa	c 16	w 0	obfunc 0.833333

Alpha 0.3
FoldId 1
Optimal	c 17	w 0	obfunc 1
TestOp 	c 15	w 1	obfunc 0.898204
TestLOP	c 13	w 0	obfunc 0.822785
TestExa	c 7	w 0	obfunc 0.5
FoldId 2
Optimal	c 13	w 0	obfunc 0.948905
TestOp 	c 13	w 0	obfunc 0.948905
TestLOP	c 11	w 0	obfunc 0.839695
TestExa	c 13	w 0	obfunc 0.948905
FoldId 3
Optimal	c 28	w 2	obfunc 0.933333
TestOp 	c 24	w 1	obfunc 0.842105
TestLOP	c 21	w 0	obfunc 0.769231
TestExa	c 19	w 0	obfunc 0.71161
FoldId 4
Optimal	c 23	w 0	obfunc 0.942623
TestOp 	c 20	w 1	obfunc 0.840336
TestLOP	c 18	w 0	obfunc 0.786026
TestExa	c 16	w 0	obfunc 0.717489
FoldId 5
Optimal	c 20	w 0	obfunc 1
TestOp 	c 20	w 2	obfunc 0.970874
TestLOP	c 17	w 2	obfunc 0.862944
TestExa	c 16	w 0	obfunc 0.851064

Alpha 0.4
FoldId 1
Optimal	c 17	w 0	obfunc 1
TestOp 	c 15	w 1	obfunc 0.903614
TestLOP	c 11	w 0	obfunc 0.753425
TestExa	c 7	w 0	obfunc 0.538462
FoldId 2
Optimal	c 13	w 0	obfunc 0.955882
TestOp 	c 11	w 0	obfunc 0.859375
TestLOP	c 11	w 0	obfunc 0.859375
TestExa	c 9	w 0	obfunc 0.75
FoldId 3
Optimal	c 27	w 0	obfunc 0.9375
TestOp 	c 23	w 1	obfunc 0.833333
TestLOP	c 19	w 0	obfunc 0.742187
TestExa	c 19	w 0	obfunc 0.742187
FoldId 4
Optimal	c 23	w 0	obfunc 0.950413
TestOp 	c 20	w 1	obfunc 0.854701
TestLOP	c 17	w 0	obfunc 0.779817
TestExa	c 16	w 0	obfunc 0.747664
FoldId 5
Optimal	c 20	w 0	obfunc 1
TestOp 	c 20	w 2	obfunc 0.961538
TestLOP	c 17	w 2	obfunc 0.867347
TestExa	c 16	w 0	obfunc 0.869565

Alpha 0.5
FoldId 1
Optimal	c 17	w 0	obfunc 1
TestOp 	c 15	w 1	obfunc 0.909091
TestLOP	c 10	w 0	obfunc 0.740741
TestExa	c 7	w 0	obfunc 0.583333
FoldId 2
Optimal	c 13	w 0	obfunc 0.962963
TestOp 	c 11	w 0	obfunc 0.88
TestLOP	c 11	w 0	obfunc 0.88
TestExa	c 9	w 0	obfunc 0.782609
FoldId 3
Optimal	c 27	w 0	obfunc 0.947368
TestOp 	c 23	w 1	obfunc 0.851852
TestLOP	c 19	w 0	obfunc 0.77551
TestExa	c 19	w 0	obfunc 0.77551
FoldId 4
Optimal	c 24	w 1	obfunc 0.96
TestOp 	c 20	w 1	obfunc 0.869565
TestLOP	c 12	w 0	obfunc 0.648649
TestExa	c 16	w 0	obfunc 0.780488
FoldId 5
Optimal	c 20	w 0	obfunc 1
TestOp 	c 20	w 2	obfunc 0.952381
TestLOP	c 15	w 1	obfunc 0.833333
TestExa	c 16	w 0	obfunc 0.888889

Alpha 0.6
FoldId 1
Optimal	c 17	w 0	obfunc 1
TestOp 	c 15	w 1	obfunc 0.914634
TestLOP	c 10	w 0	obfunc 0.78125
TestExa	c 7	w 0	obfunc 0.636364
FoldId 2
Optimal	c 13	w 0	obfunc 0.970149
TestOp 	c 11	w 0	obfunc 0.901639
TestLOP	c 11	w 0	obfunc 0.901639
TestExa	c 9	w 0	obfunc 0.818182
FoldId 3
Optimal	c 27	w 0	obfunc 0.957447
TestOp 	c 23	w 1	obfunc 0.871212
TestLOP	c 21	w 0	obfunc 0.853659
TestExa	c 19	w 0	obfunc 0.811966
FoldId 4
Optimal	c 21	w 0	obfunc 0.929204
TestOp 	c 19	w 1	obfunc 0.863636
TestLOP	c 12	w 0	obfunc 0.697674
TestExa	c 16	w 0	obfunc 0.816327
FoldId 5
Optimal	c 20	w 0	obfunc 1
TestOp 	c 20	w 2	obfunc 0.943396
TestLOP	c 15	w 1	obfunc 0.852273
TestExa	c 16	w 0	obfunc 0.909091

Alpha 0.7
FoldId 1
Optimal	c 17	w 0	obfunc 1
TestOp 	c 15	w 1	obfunc 0.920245
TestLOP	c 9	w 0	obfunc 0.789474
TestExa	c 7	w 0	obfunc 0.7
FoldId 2
Optimal	c 13	w 0	obfunc 0.977444
TestOp 	c 11	w 0	obfunc 0.92437
TestLOP	c 11	w 0	obfunc 0.92437
TestExa	c 9	w 0	obfunc 0.857143
FoldId 3
Optimal	c 27	w 0	obfunc 0.967742
TestOp 	c 23	w 1	obfunc 0.891473
TestLOP	c 21	w 0	obfunc 0.886076
TestExa	c 19	w 0	obfunc 0.852018
FoldId 4
Optimal	c 23	w 0	obfunc 0.974576
TestOp 	c 19	w 0	obfunc 0.913462
TestLOP	c 12	w 0	obfunc 0.754717
TestExa	c 16	w 0	obfunc 0.855615
FoldId 5
Optimal	c 20	w 0	obfunc 1
TestOp 	c 20	w 2	obfunc 0.934579
TestLOP	c 15	w 1	obfunc 0.872093
TestExa	c 16	w 0	obfunc 0.930233

Alpha 0.8
FoldId 1
Optimal	c 17	w 0	obfunc 1
TestOp 	c 15	w 1	obfunc 0.925926
TestLOP	c 8	w 0	obfunc 0.816327
TestExa	c 7	w 0	obfunc 0.777778
FoldId 2
Optimal	c 13	w 0	obfunc 0.984848
TestOp 	c 12	w 0	obfunc 0.967742
TestLOP	c 11	w 0	obfunc 0.948276
TestExa	c 12	w 0	obfunc 0.967742
FoldId 3
Optimal	c 27	w 0	obfunc 0.978261
TestOp 	c 23	w 1	obfunc 0.912698
TestLOP	c 15	w 0	obfunc 0.833333
TestExa	c 19	w 0	obfunc 0.896226
FoldId 4
Optimal	c 23	w 0	obfunc 0.982906
TestOp 	c 19	w 0	obfunc 0.940594
TestLOP	c 11	w 0	obfunc 0.797101
TestExa	c 16	w 0	obfunc 0.898876
FoldId 5
Optimal	c 20	w 0	obfunc 1
TestOp 	c 18	w 2	obfunc 0.9
TestLOP	c 14	w 0	obfunc 0.921053
TestExa	c 14	w 0	obfunc 0.921053

Alpha 0.9
FoldId 1
Optimal	c 17	w 0	obfunc 1
TestOp 	c 15	w 1	obfunc 0.931677
TestLOP	c 8	w 0	obfunc 0.898876
TestExa	c 7	w 0	obfunc 0.875
FoldId 2
Optimal	c 13	w 0	obfunc 0.992366
TestOp 	c 11	w 0	obfunc 0.973451
TestLOP	c 9	w 0	obfunc 0.947368
TestExa	c 9	w 0	obfunc 0.947368
FoldId 3
Optimal	c 27	w 0	obfunc 0.989011
TestOp 	c 23	w 1	obfunc 0.934959
TestLOP	c 15	w 0	obfunc 0.909091
TestExa	c 19	w 0	obfunc 0.945274
FoldId 4
Optimal	c 23	w 0	obfunc 0.991379
TestOp 	c 19	w 0	obfunc 0.969388
TestLOP	c 11	w 0	obfunc 0.887097
TestExa	c 16	w 0	obfunc 0.946746
FoldId 5
Optimal	c 20	w 0	obfunc 1
TestOp 	c 17	w 2	obfunc 0.890052
TestLOP	c 14	w 0	obfunc 0.958904
TestExa	c 15	w 0	obfunc 0.967742

FoldNum 10
Alpha 0.1
FoldId 1
Optimal	c 10	w 0	obfunc 1
TestOp 	c 10	w 4	obfunc 0.961538
TestLOP	c 9	w 0	obfunc 0.909091
TestExa	c 8	w 0	obfunc 0.816327
FoldId 2
Optimal	c 8	w 0	obfunc 1
TestOp 	c 8	w 2	obfunc 0.97561
TestLOP	c 7	w 0	obfunc 0.886076
TestExa	c 7	w 0	obfunc 0.886076
FoldId 3
Optimal	c 14	w 0	obfunc 0.939597
TestOp 	c 13	w 3	obfunc 0.860927
TestLOP	c 11	w 1	obfunc 0.748299
TestExa	c 7	w 0	obfunc 0.492958
FoldId 4
Optimal	c 11	w 0	obfunc 1
TestOp 	c 10	w 0	obfunc 0.917431
TestLOP	c 8	w 0	obfunc 0.747664
TestExa	c 6	w 0	obfunc 0.571429
FoldId 5
Optimal	c 7	w 0	obfunc 0.886076
TestOp 	c 6	w 0	obfunc 0.769231
TestLOP	c 5	w 0	obfunc 0.649351
TestExa	c 5	w 0	obfunc 0.649351
FoldId 6
Optimal	c 13	w 1	obfunc 0.992366
TestOp 	c 13	w 1	obfunc 0.992366
TestLOP	c 11	w 1	obfunc 0.852713
TestExa	c 9	w 0	obfunc 0.714286
FoldId 7
Optimal	c 15	w 0	obfunc 1
TestOp 	c 13	w 2	obfunc 0.866667
TestLOP	c 10	w 0	obfunc 0.689655
TestExa	c 6	w 0	obfunc 0.425532
FoldId 8
Optimal	c 9	w 0	obfunc 1
TestOp 	c 8	w 4	obfunc 0.860215
TestLOP	c 8	w 0	obfunc 0.898876
TestExa	c 6	w 0	obfunc 0.689655
FoldId 9
Optimal	c 7	w 0	obfunc 0.886076
TestOp 	c 7	w 3	obfunc 0.853659
TestLOP	c 7	w 0	obfunc 0.886076
TestExa	c 6	w 0	obfunc 0.769231
FoldId 10
Optimal	c 9	w 0	obfunc 1
TestOp 	c 7	w 1	obfunc 0.786517
TestLOP	c 6	w 0	obfunc 0.689655
TestExa	c 5	w 0	obfunc 0.581395

Alpha 0.2
FoldId 1
Optimal	c 10	w 0	obfunc 1
TestOp 	c 10	w 2	obfunc 0.961538
TestLOP	c 9	w 0	obfunc 0.918367
TestExa	c 8	w 0	obfunc 0.833333
FoldId 2
Optimal	c 8	w 0	obfunc 1
TestOp 	c 8	w 2	obfunc 0.952381
TestLOP	c 7	w 0	obfunc 0.897436
TestExa	c 8	w 0	obfunc 1
FoldId 3
Optimal	c 14	w 0	obfunc 0.945946
TestOp 	c 13	w 1	obfunc 0.878378
TestLOP	c 11	w 1	obfunc 0.763889
TestExa	c 11	w 0	obfunc 0.774648
FoldId 4
Optimal	c 11	w 0	obfunc 1
TestOp 	c 10	w 0	obfunc 0.925926
TestLOP	c 8	w 0	obfunc 0.769231
TestExa	c 7	w 0	obfunc 0.686275
FoldId 5
Optimal	c 7	w 0	obfunc 0.897436
TestOp 	c 6	w 0	obfunc 0.789474
TestLOP	c 5	w 0	obfunc 0.675676
TestExa	c 5	w 0	obfunc 0.675676
FoldId 6
Optimal	c 13	w 1	obfunc 0.984848
TestOp 	c 13	w 1	obfunc 0.984848
TestLOP	c 11	w 1	obfunc 0.859375
TestExa	c 9	w 0	obfunc 0.737705
FoldId 7
Optimal	c 15	w 0	obfunc 1
TestOp 	c 15	w 0	obfunc 1
TestLOP	c 10	w 0	obfunc 0.714286
TestExa	c 9	w 0	obfunc 0.652174
FoldId 8
Optimal	c 9	w 0	obfunc 1
TestOp 	c 8	w 2	obfunc 0.869565
TestLOP	c 8	w 0	obfunc 0.909091
TestExa	c 7	w 0	obfunc 0.813953
FoldId 9
Optimal	c 7	w 0	obfunc 0.897436
TestOp 	c 7	w 1	obfunc 0.875
TestLOP	c 7	w 0	obfunc 0.897436
TestExa	c 6	w 0	obfunc 0.789474
FoldId 10
Optimal	c 9	w 0	obfunc 1
TestOp 	c 7	w 0	obfunc 0.813953
TestLOP	c 6	w 0	obfunc 0.714286
TestExa	c 6	w 0	obfunc 0.714286

Alpha 0.3
FoldId 1
Optimal	c 10	w 0	obfunc 1
TestOp 	c 10	w 1	obfunc 0.970874
TestLOP	c 9	w 0	obfunc 0.927835
TestExa	c 8	w 0	obfunc 0.851064
FoldId 2
Optimal	c 8	w 0	obfunc 1
TestOp 	c 8	w 0	obfunc 1
TestLOP	c 7	w 0	obfunc 0.909091
TestExa	c 8	w 0	obfunc 1
FoldId 3
Optimal	c 14	w 0	obfunc 0.952381
TestOp 	c 13	w 1	obfunc 0.884354
TestLOP	c 11	w 1	obfunc 0.780142
TestExa	c 11	w 0	obfunc 0.797101
FoldId 4
Optimal	c 11	w 0	obfunc 1
TestOp 	c 10	w 0	obfunc 0.934579
TestLOP	c 8	w 0	obfunc 0.792079
TestExa	c 7	w 0	obfunc 0.714286
FoldId 5
Optimal	c 7	w 0	obfunc 0.909091
TestOp 	c 6	w 0	obfunc 0.810811
TestLOP	c 5	w 0	obfunc 0.704225
TestExa	c 5	w 0	obfunc 0.704225
FoldId 6
Optimal	c 13	w 1	obfunc 0.977444
TestOp 	c 13	w 1	obfunc 0.977444
TestLOP	c 11	w 1	obfunc 0.866142
TestExa	c 9	w 0	obfunc 0.762712
FoldId 7
Optimal	c 15	w 0	obfunc 1
TestOp 	c 15	w 0	obfunc 1
TestLOP	c 10	w 0	obfunc 0.740741
TestExa	c 9	w 0	obfunc 0.681818
FoldId 8
Optimal	c 9	w 0	obfunc 1
TestOp 	c 9	w 1	obfunc 0.967742
TestLOP	c 6	w 0	obfunc 0.740741
TestExa	c 8	w 0	obfunc 0.91954
FoldId 9
Optimal	c 7	w 0	obfunc 0.909091
TestOp 	c 7	w 0	obfunc 0.909091
TestLOP	c 7	w 0	obfunc 0.909091
TestExa	c 6	w 0	obfunc 0.810811
FoldId 10
Optimal	c 9	w 0	obfunc 1
TestOp 	c 7	w 0	obfunc 0.833333
TestLOP	c 6	w 0	obfunc 0.740741
TestExa	c 6	w 0	obfunc 0.740741

Alpha 0.4
FoldId 1
Optimal	c 10	w 0	obfunc 1
TestOp 	c 10	w 1	obfunc 0.961538
TestLOP	c 8	w 0	obfunc 0.869565
TestExa	c 8	w 0	obfunc 0.869565
FoldId 2
Optimal	c 8	w 0	obfunc 1
TestOp 	c 8	w 0	obfunc 1
TestLOP	c 7	w 0	obfunc 0.921053
TestExa	c 8	w 0	obfunc 1
FoldId 3
Optimal	c 14	w 0	obfunc 0.958904
TestOp 	c 13	w 1	obfunc 0.890411
TestLOP	c 11	w 0	obfunc 0.820896
TestExa	c 11	w 0	obfunc 0.820896
FoldId 4
Optimal	c 11	w 0	obfunc 1
TestOp 	c 10	w 0	obfunc 0.943396
TestLOP	c 8	w 0	obfunc 0.816327
TestExa	c 7	w 0	obfunc 0.744681
FoldId 5
Optimal	c 7	w 0	obfunc 0.921053
TestOp 	c 6	w 0	obfunc 0.833333
TestLOP	c 4	w 0	obfunc 0.625
TestExa	c 5	w 0	obfunc 0.735294
FoldId 6
Optimal	c 13	w 1	obfunc 0.970149
TestOp 	c 13	w 1	obfunc 0.970149
TestLOP	c 10	w 0	obfunc 0.847458
TestExa	c 9	w 0	obfunc 0.789474
FoldId 7
Optimal	c 15	w 0	obfunc 1
TestOp 	c 15	w 0	obfunc 1
TestLOP	c 10	w 0	obfunc 0.769231
TestExa	c 9	w 0	obfunc 0.714286
FoldId 8
Optimal	c 9	w 0	obfunc 1
TestOp 	c 7	w 1	obfunc 0.813953
TestLOP	c 6	w 0	obfunc 0.769231
TestExa	c 4	w 0	obfunc 0.571429
FoldId 9
Optimal	c 7	w 0	obfunc 0.921053
TestOp 	c 7	w 0	obfunc 0.921053
TestLOP	c 6	w 0	obfunc 0.833333
TestExa	c 6	w 0	obfunc 0.833333
FoldId 10
Optimal	c 9	w 0	obfunc 1
TestOp 	c 7	w 0	obfunc 0.853659
TestLOP	c 6	w 0	obfunc 0.769231
TestExa	c 6	w 0	obfunc 0.769231

Alpha 0.5
FoldId 1
Optimal	c 10	w 0	obfunc 1
TestOp 	c 10	w 1	obfunc 0.952381
TestLOP	c 7	w 0	obfunc 0.823529
TestExa	c 8	w 0	obfunc 0.888889
FoldId 2
Optimal	c 8	w 0	obfunc 1
TestOp 	c 8	w 0	obfunc 1
TestLOP	c 7	w 0	obfunc 0.933333
TestExa	c 8	w 0	obfunc 1
FoldId 3
Optimal	c 14	w 0	obfunc 0.965517
TestOp 	c 13	w 1	obfunc 0.896552
TestLOP	c 10	w 0	obfunc 0.8
TestExa	c 11	w 0	obfunc 0.846154
FoldId 4
Optimal	c 11	w 0	obfunc 1
TestOp 	c 10	w 0	obfunc 0.952381
TestLOP	c 7	w 0	obfunc 0.777778
TestExa	c 7	w 0	obfunc 0.777778
FoldId 5
Optimal	c 7	w 0	obfunc 0.933333
TestOp 	c 6	w 0	obfunc 0.857143
TestLOP	c 4	w 0	obfunc 0.666667
TestExa	c 5	w 0	obfunc 0.769231
FoldId 6
Optimal	c 13	w 1	obfunc 0.962963
TestOp 	c 13	w 1	obfunc 0.962963
TestLOP	c 9	w 0	obfunc 0.818182
TestExa	c 9	w 0	obfunc 0.818182
FoldId 7
Optimal	c 15	w 0	obfunc 1
TestOp 	c 15	w 0	obfunc 1
TestLOP	c 9	w 0	obfunc 0.75
TestExa	c 9	w 0	obfunc 0.75
FoldId 8
Optimal	c 9	w 0	obfunc 1
TestOp 	c 7	w 1	obfunc 0.823529
TestLOP	c 6	w 0	obfunc 0.8
TestExa	c 4	w 0	obfunc 0.615385
FoldId 9
Optimal	c 7	w 0	obfunc 0.933333
TestOp 	c 7	w 0	obfunc 0.933333
TestLOP	c 7	w 0	obfunc 0.933333
TestExa	c 6	w 0	obfunc 0.857143
FoldId 10
Optimal	c 9	w 0	obfunc 1
TestOp 	c 7	w 0	obfunc 0.875
TestLOP	c 7	w 0	obfunc 0.875
TestExa	c 6	w 0	obfunc 0.8

Alpha 0.6
FoldId 1
Optimal	c 9	w 0	obfunc 0.957447
TestOp 	c 10	w 1	obfunc 0.943396
TestLOP	c 6	w 0	obfunc 0.789474
TestExa	c 8	w 0	obfunc 0.909091
FoldId 2
Optimal	c 8	w 0	obfunc 1
TestOp 	c 8	w 0	obfunc 1
TestLOP	c 7	w 0	obfunc 0.945946
TestExa	c 8	w 0	obfunc 1
FoldId 3
Optimal	c 14	w 0	obfunc 0.972222
TestOp 	c 13	w 1	obfunc 0.902778
TestLOP	c 8	w 0	obfunc 0.740741
TestExa	c 11	w 0	obfunc 0.873016
FoldId 4
Optimal	c 11	w 0	obfunc 1
TestOp 	c 9	w 0	obfunc 0.918367
TestLOP	c 7	w 0	obfunc 0.813953
TestExa	c 7	w 0	obfunc 0.813953
FoldId 5
Optimal	c 6	w 0	obfunc 0.882353
TestOp 	c 5	w 0	obfunc 0.806452
TestLOP	c 4	w 0	obfunc 0.714286
TestExa	c 3	w 0	obfunc 0.6
FoldId 6
Optimal	c 12	w 0	obfunc 0.967742
TestOp 	c 13	w 1	obfunc 0.955882
TestLOP	c 9	w 0	obfunc 0.849057
TestExa	c 9	w 0	obfunc 0.849057
FoldId 7
Optimal	c 15	w 0	obfunc 1
TestOp 	c 14	w 0	obfunc 0.972222
TestLOP	c 9	w 0	obfunc 0.789474
TestExa	c 9	w 0	obfunc 0.789474
FoldId 8
Optimal	c 9	w 0	obfunc 1
TestOp 	c 7	w 1	obfunc 0.833333
TestLOP	c 6	w 0	obfunc 0.833333
TestExa	c 4	w 0	obfunc 0.666667
FoldId 9
Optimal	c 7	w 0	obfunc 0.945946
TestOp 	c 7	w 0	obfunc 0.945946
TestLOP	c 5	w 0	obfunc 0.806452
TestExa	c 6	w 0	obfunc 0.882353
FoldId 10
Optimal	c 9	w 0	obfunc 1
TestOp 	c 7	w 0	obfunc 0.897436
TestLOP	c 7	w 0	obfunc 0.897436
TestExa	c 6	w 0	obfunc 0.833333

Alpha 0.7
FoldId 1
Optimal	c 9	w 0	obfunc 0.967742
TestOp 	c 9	w 1	obfunc 0.9
TestLOP	c 6	w 0	obfunc 0.833333
TestExa	c 7	w 0	obfunc 0.886076
FoldId 2
Optimal	c 8	w 0	obfunc 1
TestOp 	c 8	w 0	obfunc 1
TestLOP	c 5	w 0	obfunc 0.847458
TestExa	c 8	w 0	obfunc 1
FoldId 3
Optimal	c 14	w 0	obfunc 0.979021
TestOp 	c 13	w 1	obfunc 0.909091
TestLOP	c 8	w 0	obfunc 0.792079
TestExa	c 11	w 0	obfunc 0.901639
FoldId 4
Optimal	c 11	w 0	obfunc 1
TestOp 	c 9	w 0	obfunc 0.9375
TestLOP	c 7	w 0	obfunc 0.853659
TestExa	c 7	w 0	obfunc 0.853659
FoldId 5
Optimal	c 6	w 0	obfunc 0.909091
TestOp 	c 6	w 1	obfunc 0.821918
TestLOP	c 4	w 0	obfunc 0.769231
TestExa	c 3	w 0	obfunc 0.666667
FoldId 6
Optimal	c 12	w 0	obfunc 0.97561
TestOp 	c 12	w 0	obfunc 0.97561
TestLOP	c 9	w 0	obfunc 0.882353
TestExa	c 9	w 0	obfunc 0.882353
FoldId 7
Optimal	c 15	w 0	obfunc 1
TestOp 	c 14	w 0	obfunc 0.979021
TestLOP	c 8	w 0	obfunc 0.792079
TestExa	c 9	w 0	obfunc 0.833333
FoldId 8
Optimal	c 9	w 0	obfunc 1
TestOp 	c 7	w 1	obfunc 0.843373
TestLOP	c 6	w 0	obfunc 0.869565
TestExa	c 4	w 0	obfunc 0.727273
FoldId 9
Optimal	c 7	w 0	obfunc 0.958904
TestOp 	c 6	w 0	obfunc 0.909091
TestLOP	c 5	w 0	obfunc 0.847458
TestExa	c 6	w 0	obfunc 0.909091
FoldId 10
Optimal	c 9	w 0	obfunc 1
TestOp 	c 7	w 0	obfunc 0.921053
TestLOP	c 7	w 0	obfunc 0.921053
TestExa	c 6	w 0	obfunc 0.869565

Alpha 0.8
FoldId 1
Optimal	c 9	w 0	obfunc 0.978261
TestOp 	c 9	w 1	obfunc 0.9
TestLOP	c 6	w 0	obfunc 0.882353
TestExa	c 7	w 0	obfunc 0.921053
FoldId 2
Optimal	c 8	w 0	obfunc 1
TestOp 	c 8	w 0	obfunc 1
TestLOP	c 5	w 0	obfunc 0.892857
TestExa	c 8	w 0	obfunc 1
FoldId 3
Optimal	c 14	w 0	obfunc 0.985915
TestOp 	c 13	w 1	obfunc 0.915493
TestLOP	c 9	w 0	obfunc 0.882353
TestExa	c 11	w 0	obfunc 0.932203
FoldId 4
Optimal	c 11	w 0	obfunc 1
TestOp 	c 9	w 0	obfunc 0.957447
TestLOP	c 7	w 0	obfunc 0.897436
TestExa	c 7	w 0	obfunc 0.897436
FoldId 5
Optimal	c 6	w 0	obfunc 0.9375
TestOp 	c 6	w 1	obfunc 0.833333
TestLOP	c 3	w 0	obfunc 0.75
TestExa	c 3	w 0	obfunc 0.75
FoldId 6
Optimal	c 12	w 0	obfunc 0.983607
TestOp 	c 10	w 0	obfunc 0.943396
TestLOP	c 8	w 0	obfunc 0.888889
TestExa	c 6	w 0	obfunc 0.810811
FoldId 7
Optimal	c 15	w 0	obfunc 1
TestOp 	c 14	w 0	obfunc 0.985915
TestLOP	c 8	w 0	obfunc 0.851064
TestExa	c 9	w 0	obfunc 0.882353
FoldId 8
Optimal	c 9	w 0	obfunc 1
TestOp 	c 8	w 1	obfunc 0.888889
TestLOP	c 6	w 0	obfunc 0.909091
TestExa	c 7	w 0	obfunc 0.945946
FoldId 9
Optimal	c 7	w 0	obfunc 0.972222
TestOp 	c 6	w 0	obfunc 0.9375
TestLOP	c 5	w 0	obfunc 0.892857
TestExa	c 6	w 0	obfunc 0.9375
FoldId 10
Optimal	c 9	w 0	obfunc 1
TestOp 	c 7	w 0	obfunc 0.945946
TestLOP	c 5	w 0	obfunc 0.862069
TestExa	c 6	w 0	obfunc 0.909091

Alpha 0.9
FoldId 1
Optimal	c 9	w 0	obfunc 0.989011
TestOp 	c 10	w 1	obfunc 0.917431
TestLOP	c 6	w 0	obfunc 0.9375
TestExa	c 7	w 0	obfunc 0.958904
FoldId 2
Optimal	c 8	w 0	obfunc 1
TestOp 	c 7	w 0	obfunc 0.985915
TestLOP	c 5	w 0	obfunc 0.943396
TestExa	c 5	w 0	obfunc 0.943396
FoldId 3
Optimal	c 14	w 0	obfunc 0.992908
TestOp 	c 11	w 0	obfunc 0.964912
TestLOP	c 9	w 0	obfunc 0.9375
TestExa	c 10	w 0	obfunc 0.952381
FoldId 4
Optimal	c 11	w 0	obfunc 1
TestOp 	c 9	w 0	obfunc 0.978261
TestLOP	c 6	w 0	obfunc 0.923077
TestExa	c 6	w 0	obfunc 0.923077
FoldId 5
Optimal	c 6	w 0	obfunc 0.967742
TestOp 	c 6	w 1	obfunc 0.84507
TestLOP	c 3	w 0	obfunc 0.857143
TestExa	c 3	w 0	obfunc 0.857143
FoldId 6
Optimal	c 12	w 0	obfunc 0.991736
TestOp 	c 10	w 0	obfunc 0.970874
TestLOP	c 6	w 0	obfunc 0.895522
TestExa	c 6	w 0	obfunc 0.895522
FoldId 7
Optimal	c 15	w 0	obfunc 1
TestOp 	c 14	w 0	obfunc 0.992908
TestLOP	c 8	w 0	obfunc 0.91954
TestExa	c 8	w 0	obfunc 0.91954
FoldId 8
Optimal	c 9	w 0	obfunc 1
TestOp 	c 8	w 1	obfunc 0.888889
TestLOP	c 4	w 0	obfunc 0.888889
TestExa	c 7	w 0	obfunc 0.972222
FoldId 9
Optimal	c 7	w 0	obfunc 0.985915
TestOp 	c 7	w 0	obfunc 0.985915
TestLOP	c 5	w 0	obfunc 0.943396
TestExa	c 5	w 0	obfunc 0.943396
FoldId 10
Optimal	c 9	w 0	obfunc 1
TestOp 	c 7	w 0	obfunc 0.972222
TestLOP	c 5	w 0	obfunc 0.925926
TestExa	c 6	w 0	obfunc 0.952381

TrainFile : ../../data/dbgen.format.train.input	RuleFile: ../../data/dbgen.rules.accuracy
FoldNum 5
Alpha 0.1
FoldId 1
Optimal	c 521	w 0	obfunc 0.95073
TestOp 	c 521	w 0	obfunc 0.95073
TestLOP	c 521	w 0	obfunc 0.95073
TestExa	c 292	w 0	obfunc 0.556085
FoldId 2
Optimal	c 518	w 0	obfunc 0.938066
TestOp 	c 518	w 0	obfunc 0.938066
TestLOP	c 518	w 0	obfunc 0.938066
TestExa	c 286	w 0	obfunc 0.540643
FoldId 3
Optimal	c 485	w 0	obfunc 0.964215
TestOp 	c 485	w 0	obfunc 0.964215
TestLOP	c 485	w 0	obfunc 0.964215
TestExa	c 262	w 0	obfunc 0.545038
FoldId 4
Optimal	c 505	w 0	obfunc 0.963924
TestOp 	c 505	w 0	obfunc 0.963924
TestLOP	c 505	w 0	obfunc 0.963924
TestExa	c 292	w 0	obfunc 0.580979
FoldId 5
Optimal	c 489	w 0	obfunc 0.94438
TestOp 	c 489	w 0	obfunc 0.94438
TestLOP	c 489	w 0	obfunc 0.94438
TestExa	c 264	w 0	obfunc 0.53301

Alpha 0.2
FoldId 1
Optimal	c 521	w 0	obfunc 0.955963
TestOp 	c 521	w 0	obfunc 0.955963
TestLOP	c 521	w 0	obfunc 0.955963
TestExa	c 292	w 0	obfunc 0.584936
FoldId 2
Optimal	c 518	w 0	obfunc 0.944566
TestOp 	c 518	w 0	obfunc 0.944566
TestLOP	c 518	w 0	obfunc 0.944566
TestExa	c 286	w 0	obfunc 0.569721
FoldId 3
Optimal	c 485	w 0	obfunc 0.968064
TestOp 	c 485	w 0	obfunc 0.968064
TestLOP	c 485	w 0	obfunc 0.968064
TestExa	c 262	w 0	obfunc 0.574058
FoldId 4
Optimal	c 505	w 0	obfunc 0.967804
TestOp 	c 505	w 0	obfunc 0.967804
TestLOP	c 505	w 0	obfunc 0.967804
TestExa	c 292	w 0	obfunc 0.609349
FoldId 5
Optimal	c 489	w 0	obfunc 0.950253
TestOp 	c 489	w 0	obfunc 0.950253
TestLOP	c 489	w 0	obfunc 0.950253
TestExa	c 264	w 0	obfunc 0.562181

Alpha 0.3
FoldId 1
Optimal	c 521	w 0	obfunc 0.961255
TestOp 	c 521	w 0	obfunc 0.961255
TestLOP	c 521	w 0	obfunc 0.961255
TestExa	c 292	w 0	obfunc 0.616945
FoldId 2
Optimal	c 518	w 0	obfunc 0.951157
TestOp 	c 518	w 0	obfunc 0.951157
TestLOP	c 518	w 0	obfunc 0.951157
TestExa	c 286	w 0	obfunc 0.602105
FoldId 3
Optimal	c 485	w 0	obfunc 0.971944
TestOp 	c 485	w 0	obfunc 0.971944
TestLOP	c 485	w 0	obfunc 0.971944
TestExa	c 285	w 0	obfunc 0.649203
FoldId 4
Optimal	c 505	w 0	obfunc 0.971714
TestOp 	c 505	w 0	obfunc 0.971714
TestLOP	c 505	w 0	obfunc 0.971714
TestExa	c 292	w 0	obfunc 0.640632
FoldId 5
Optimal	c 489	w 0	obfunc 0.956199
TestOp 	c 489	w 0	obfunc 0.956199
TestLOP	c 489	w 0	obfunc 0.956199
TestExa	c 264	w 0	obfunc 0.594729

Alpha 0.4
FoldId 1
Optimal	c 521	w 0	obfunc 0.966605
TestOp 	c 521	w 0	obfunc 0.966605
TestLOP	c 521	w 0	obfunc 0.966605
TestExa	c 292	w 0	obfunc 0.65266
FoldId 2
Optimal	c 518	w 0	obfunc 0.95784
TestOp 	c 518	w 0	obfunc 0.95784
TestLOP	c 518	w 0	obfunc 0.95784
TestExa	c 286	w 0	obfunc 0.638393
FoldId 3
Optimal	c 485	w 0	obfunc 0.975855
TestOp 	c 485	w 0	obfunc 0.975855
TestLOP	c 485	w 0	obfunc 0.975855
TestExa	c 285	w 0	obfunc 0.683453
FoldId 4
Optimal	c 505	w 0	obfunc 0.975657
TestOp 	c 505	w 0	obfunc 0.975657
TestLOP	c 505	w 0	obfunc 0.975657
TestExa	c 305	w 0	obfunc 0.696984
FoldId 5
Optimal	c 489	w 0	obfunc 0.96222
TestOp 	c 489	w 0	obfunc 0.96222
TestLOP	c 489	w 0	obfunc 0.96222
TestExa	c 264	w 0	obfunc 0.631277

Alpha 0.5
FoldId 1
Optimal	c 521	w 0	obfunc 0.972015
TestOp 	c 521	w 0	obfunc 0.972015
TestLOP	c 521	w 0	obfunc 0.972015
TestExa	c 306	w 0	obfunc 0.714119
FoldId 2
Optimal	c 518	w 0	obfunc 0.964618
TestOp 	c 518	w 0	obfunc 0.964618
TestLOP	c 518	w 0	obfunc 0.964618
TestExa	c 307	w 0	obfunc 0.711472
FoldId 3
Optimal	c 485	w 0	obfunc 0.979798
TestOp 	c 485	w 0	obfunc 0.979798
TestLOP	c 485	w 0	obfunc 0.979798
TestExa	c 285	w 0	obfunc 0.721519
FoldId 4
Optimal	c 505	w 0	obfunc 0.979631
TestOp 	c 505	w 0	obfunc 0.979631
TestLOP	c 505	w 0	obfunc 0.979631
TestExa	c 305	w 0	obfunc 0.734055
FoldId 5
Optimal	c 489	w 0	obfunc 0.968317
TestOp 	c 489	w 0	obfunc 0.968317
TestLOP	c 489	w 0	obfunc 0.968317
TestExa	c 264	w 0	obfunc 0.672611

Alpha 0.6
FoldId 1
Optimal	c 521	w 0	obfunc 0.977486
TestOp 	c 521	w 0	obfunc 0.977486
TestLOP	c 521	w 0	obfunc 0.977486
TestExa	c 306	w 0	obfunc 0.757426
FoldId 2
Optimal	c 518	w 0	obfunc 0.971493
TestOp 	c 518	w 0	obfunc 0.971493
TestLOP	c 518	w 0	obfunc 0.971493
TestExa	c 286	w 0	obfunc 0.725888
FoldId 3
Optimal	c 485	w 0	obfunc 0.983773
TestOp 	c 485	w 0	obfunc 0.983773
TestLOP	c 485	w 0	obfunc 0.983773
TestExa	c 262	w 0	obfunc 0.729399
FoldId 4
Optimal	c 505	w 0	obfunc 0.983638
TestOp 	c 505	w 0	obfunc 0.983638
TestLOP	c 505	w 0	obfunc 0.983638
TestExa	c 292	w 0	obfunc 0.757261
FoldId 5
Optimal	c 489	w 0	obfunc 0.974492
TestOp 	c 489	w 0	obfunc 0.974492
TestLOP	c 489	w 0	obfunc 0.974492
TestExa	c 264	w 0	obfunc 0.719738

Alpha 0.7
FoldId 1
Optimal	c 521	w 0	obfunc 0.983019
TestOp 	c 521	w 0	obfunc 0.983019
TestLOP	c 521	w 0	obfunc 0.983019
TestExa	c 290	w 0	obfunc 0.787402
FoldId 2
Optimal	c 518	w 0	obfunc 0.978466
TestOp 	c 517	w 0	obfunc 0.97787
TestLOP	c 517	w 0	obfunc 0.97787
TestExa	c 313	w 0	obfunc 0.811091
FoldId 3
Optimal	c 485	w 0	obfunc 0.98778
TestOp 	c 485	w 0	obfunc 0.98778
TestLOP	c 485	w 0	obfunc 0.98778
TestExa	c 262	w 0	obfunc 0.782323
FoldId 4
Optimal	c 505	w 0	obfunc 0.987678
TestOp 	c 505	w 0	obfunc 0.987678
TestLOP	c 505	w 0	obfunc 0.987678
TestExa	c 292	w 0	obfunc 0.806184
FoldId 5
Optimal	c 489	w 0	obfunc 0.980746
TestOp 	c 489	w 0	obfunc 0.980746
TestLOP	c 489	w 0	obfunc 0.980746
TestExa	c 264	w 0	obfunc 0.773967

Alpha 0.8
FoldId 1
Optimal	c 521	w 0	obfunc 0.988615
TestOp 	c 521	w 0	obfunc 0.988615
TestLOP	c 521	w 0	obfunc 0.988615
TestExa	c 290	w 0	obfunc 0.847458
FoldId 2
Optimal	c 518	w 0	obfunc 0.98554
TestOp 	c 517	w 0	obfunc 0.985137
TestLOP	c 517	w 0	obfunc 0.985137
TestExa	c 313	w 0	obfunc 0.865597
FoldId 3
Optimal	c 485	w 0	obfunc 0.99182
TestOp 	c 485	w 0	obfunc 0.99182
TestLOP	c 485	w 0	obfunc 0.99182
TestExa	c 262	w 0	obfunc 0.843529
FoldId 4
Optimal	c 505	w 0	obfunc 0.991752
TestOp 	c 505	w 0	obfunc 0.991752
TestLOP	c 505	w 0	obfunc 0.991752
TestExa	c 292	w 0	obfunc 0.861865
FoldId 5
Optimal	c 489	w 0	obfunc 0.987081
TestOp 	c 489	w 0	obfunc 0.987081
TestLOP	c 489	w 0	obfunc 0.987081
TestExa	c 264	w 0	obfunc 0.837032

Alpha 0.9
FoldId 1
Optimal	c 521	w 0	obfunc 0.994275
TestOp 	c 521	w 0	obfunc 0.994275
TestLOP	c 521	w 0	obfunc 0.994275
TestExa	c 290	w 0	obfunc 0.917431
FoldId 2
Optimal	c 518	w 0	obfunc 0.992718
TestOp 	c 517	w 0	obfunc 0.992513
TestLOP	c 517	w 0	obfunc 0.992513
TestExa	c 313	w 0	obfunc 0.927957
FoldId 3
Optimal	c 485	w 0	obfunc 0.995893
TestOp 	c 485	w 0	obfunc 0.995893
TestLOP	c 485	w 0	obfunc 0.995893
TestExa	c 285	w 0	obfunc 0.928339
FoldId 4
Optimal	c 505	w 0	obfunc 0.995859
TestOp 	c 505	w 0	obfunc 0.995859
TestLOP	c 505	w 0	obfunc 0.995859
TestExa	c 317	w 0	obfunc 0.938147
FoldId 5
Optimal	c 489	w 0	obfunc 0.993499
TestOp 	c 489	w 0	obfunc 0.993499
TestLOP	c 489	w 0	obfunc 0.993499
TestExa	c 264	w 0	obfunc 0.911288

FoldNum 10
Alpha 0.1
FoldId 1
Optimal	c 275	w 0	obfunc 0.959191
TestOp 	c 275	w 0	obfunc 0.959191
TestLOP	c 275	w 0	obfunc 0.959191
TestExa	c 146	w 0	obfunc 0.533236
FoldId 2
Optimal	c 238	w 0	obfunc 0.956592
TestOp 	c 238	w 0	obfunc 0.956592
TestLOP	c 238	w 0	obfunc 0.956592
TestExa	c 134	w 0	obfunc 0.562081
FoldId 3
Optimal	c 251	w 0	obfunc 0.94896
TestOp 	c 251	w 0	obfunc 0.94896
TestLOP	c 251	w 0	obfunc 0.94896
TestExa	c 134	w 0	obfunc 0.530063
FoldId 4
Optimal	c 251	w 0	obfunc 0.942546
TestOp 	c 251	w 0	obfunc 0.942546
TestLOP	c 251	w 0	obfunc 0.942546
TestExa	c 149	w 0	obfunc 0.581804
FoldId 5
Optimal	c 251	w 0	obfunc 0.958747
TestOp 	c 251	w 0	obfunc 0.958747
TestLOP	c 251	w 0	obfunc 0.958747
TestExa	c 141	w 0	obfunc 0.562201
FoldId 6
Optimal	c 252	w 0	obfunc 0.939597
TestOp 	c 252	w 0	obfunc 0.939597
TestLOP	c 252	w 0	obfunc 0.939597
TestExa	c 134	w 0	obfunc 0.522621
FoldId 7
Optimal	c 247	w 0	obfunc 0.958107
TestOp 	c 247	w 0	obfunc 0.958107
TestLOP	c 247	w 0	obfunc 0.958107
TestExa	c 133	w 0	obfunc 0.539773
FoldId 8
Optimal	c 252	w 0	obfunc 0.942761
TestOp 	c 252	w 0	obfunc 0.942761
TestLOP	c 252	w 0	obfunc 0.942761
TestExa	c 133	w 0	obfunc 0.520752
FoldId 9
Optimal	c 258	w 0	obfunc 0.966292
TestOp 	c 258	w 0	obfunc 0.966292
TestLOP	c 258	w 0	obfunc 0.966292
TestExa	c 147	w 0	obfunc 0.574443
FoldId 10
Optimal	c 241	w 0	obfunc 0.946955
TestOp 	c 241	w 0	obfunc 0.946955
TestLOP	c 241	w 0	obfunc 0.946955
TestExa	c 145	w 0	obfunc 0.592078

Alpha 0.2
FoldId 1
Optimal	c 275	w 0	obfunc 0.96356
TestOp 	c 275	w 0	obfunc 0.96356
TestLOP	c 275	w 0	obfunc 0.96356
TestExa	c 146	w 0	obfunc 0.562404
FoldId 2
Optimal	c 238	w 0	obfunc 0.961228
TestOp 	c 238	w 0	obfunc 0.961228
TestLOP	c 238	w 0	obfunc 0.961228
TestExa	c 134	w 0	obfunc 0.590829
FoldId 3
Optimal	c 251	w 0	obfunc 0.954373
TestOp 	c 251	w 0	obfunc 0.954373
TestLOP	c 251	w 0	obfunc 0.954373
TestExa	c 134	w 0	obfunc 0.559265
FoldId 4
Optimal	c 251	w 0	obfunc 0.948602
TestOp 	c 251	w 0	obfunc 0.948602
TestLOP	c 251	w 0	obfunc 0.948602
TestExa	c 149	w 0	obfunc 0.610156
FoldId 5
Optimal	c 251	w 0	obfunc 0.963162
TestOp 	c 251	w 0	obfunc 0.963162
TestLOP	c 251	w 0	obfunc 0.963162
TestExa	c 141	w 0	obfunc 0.590947
FoldId 6
Optimal	c 252	w 0	obfunc 0.945946
TestOp 	c 252	w 0	obfunc 0.945946
TestLOP	c 252	w 0	obfunc 0.945946
TestExa	c 134	w 0	obfunc 0.551895
FoldId 7
Optimal	c 247	w 0	obfunc 0.962588
TestOp 	c 247	w 0	obfunc 0.962588
TestLOP	c 247	w 0	obfunc 0.962588
TestExa	c 133	w 0	obfunc 0.568862
FoldId 8
Optimal	c 252	w 0	obfunc 0.948795
TestOp 	c 252	w 0	obfunc 0.948795
TestLOP	c 252	w 0	obfunc 0.948795
TestExa	c 133	w 0	obfunc 0.550041
FoldId 9
Optimal	c 258	w 0	obfunc 0.969925
TestOp 	c 258	w 0	obfunc 0.969925
TestLOP	c 258	w 0	obfunc 0.969925
TestExa	c 147	w 0	obfunc 0.602953
FoldId 10
Optimal	c 241	w 0	obfunc 0.952569
TestOp 	c 241	w 0	obfunc 0.952569
TestLOP	c 241	w 0	obfunc 0.952569
TestExa	c 145	w 0	obfunc 0.620188

Alpha 0.3
FoldId 1
Optimal	c 275	w 0	obfunc 0.967969
TestOp 	c 275	w 0	obfunc 0.967969
TestLOP	c 275	w 0	obfunc 0.967969
TestExa	c 146	w 0	obfunc 0.594947
FoldId 2
Optimal	c 238	w 0	obfunc 0.965909
TestOp 	c 238	w 0	obfunc 0.965909
TestLOP	c 238	w 0	obfunc 0.965909
TestExa	c 134	w 0	obfunc 0.622677
FoldId 3
Optimal	c 251	w 0	obfunc 0.959847
TestOp 	c 251	w 0	obfunc 0.959847
TestLOP	c 251	w 0	obfunc 0.959847
TestExa	c 134	w 0	obfunc 0.591873
FoldId 4
Optimal	c 251	w 0	obfunc 0.954736
TestOp 	c 251	w 0	obfunc 0.954736
TestLOP	c 251	w 0	obfunc 0.954736
TestExa	c 149	w 0	obfunc 0.641412
FoldId 5
Optimal	c 251	w 0	obfunc 0.967618
TestOp 	c 251	w 0	obfunc 0.967618
TestLOP	c 251	w 0	obfunc 0.967618
TestExa	c 141	w 0	obfunc 0.622792
FoldId 6
Optimal	c 252	w 0	obfunc 0.952381
TestOp 	c 252	w 0	obfunc 0.952381
TestLOP	c 252	w 0	obfunc 0.952381
TestExa	c 134	w 0	obfunc 0.584642
FoldId 7
Optimal	c 247	w 0	obfunc 0.96711
TestOp 	c 247	w 0	obfunc 0.96711
TestLOP	c 247	w 0	obfunc 0.96711
TestExa	c 133	w 0	obfunc 0.601266
FoldId 8
Optimal	c 252	w 0	obfunc 0.954907
TestOp 	c 252	w 0	obfunc 0.954907
TestLOP	c 252	w 0	obfunc 0.954907
TestExa	c 142	w 0	obfunc 0.614985
FoldId 9
Optimal	c 258	w 0	obfunc 0.973585
TestOp 	c 258	w 0	obfunc 0.973585
TestLOP	c 258	w 0	obfunc 0.973585
TestExa	c 147	w 0	obfunc 0.634441
FoldId 10
Optimal	c 241	w 0	obfunc 0.95825
TestOp 	c 241	w 0	obfunc 0.95825
TestLOP	c 241	w 0	obfunc 0.95825
TestExa	c 145	w 0	obfunc 0.6511

Alpha 0.4
FoldId 1
Optimal	c 275	w 0	obfunc 0.972419
TestOp 	c 275	w 0	obfunc 0.972419
TestLOP	c 275	w 0	obfunc 0.972419
TestExa	c 161	w 0	obfunc 0.678752
FoldId 2
Optimal	c 238	w 0	obfunc 0.970636
TestOp 	c 238	w 0	obfunc 0.970636
TestLOP	c 238	w 0	obfunc 0.970636
TestExa	c 136	w 0	obfunc 0.665362
FoldId 3
Optimal	c 251	w 0	obfunc 0.965385
TestOp 	c 251	w 0	obfunc 0.965385
TestLOP	c 251	w 0	obfunc 0.965385
TestExa	c 134	w 0	obfunc 0.628518
FoldId 4
Optimal	c 251	w 0	obfunc 0.960949
TestOp 	c 251	w 0	obfunc 0.960949
TestLOP	c 251	w 0	obfunc 0.960949
TestExa	c 155	w 0	obfunc 0.695691
FoldId 5
Optimal	c 251	w 0	obfunc 0.972115
TestOp 	c 251	w 0	obfunc 0.972115
TestLOP	c 251	w 0	obfunc 0.972115
TestExa	c 141	w 0	obfunc 0.658263
FoldId 6
Optimal	c 252	w 0	obfunc 0.958904
TestOp 	c 252	w 0	obfunc 0.958904
TestLOP	c 252	w 0	obfunc 0.958904
TestExa	c 141	w 0	obfunc 0.645604
FoldId 7
Optimal	c 247	w 0	obfunc 0.971676
TestOp 	c 247	w 0	obfunc 0.971676
TestLOP	c 247	w 0	obfunc 0.971676
TestExa	c 141	w 0	obfunc 0.665722
FoldId 8
Optimal	c 252	w 0	obfunc 0.961098
TestOp 	c 252	w 0	obfunc 0.961098
TestLOP	c 252	w 0	obfunc 0.961098
TestExa	c 142	w 0	obfunc 0.650779
FoldId 9
Optimal	c 258	w 0	obfunc 0.977273
TestOp 	c 258	w 0	obfunc 0.977273
TestLOP	c 258	w 0	obfunc 0.977273
TestExa	c 148	w 0	obfunc 0.672727
FoldId 10
Optimal	c 241	w 0	obfunc 0.964
TestOp 	c 241	w 0	obfunc 0.964
TestLOP	c 241	w 0	obfunc 0.964
TestExa	c 153	w 0	obfunc 0.712291

Alpha 0.5
FoldId 1
Optimal	c 275	w 0	obfunc 0.976909
TestOp 	c 275	w 0	obfunc 0.976909
TestLOP	c 275	w 0	obfunc 0.976909
TestExa	c 146	w 0	obfunc 0.672811
FoldId 2
Optimal	c 238	w 0	obfunc 0.97541
TestOp 	c 238	w 0	obfunc 0.97541
TestLOP	c 238	w 0	obfunc 0.97541
TestExa	c 139	w 0	obfunc 0.714653
FoldId 3
Optimal	c 251	w 0	obfunc 0.970986
TestOp 	c 251	w 0	obfunc 0.970986
TestLOP	c 251	w 0	obfunc 0.970986
TestExa	c 139	w 0	obfunc 0.68642
FoldId 4
Optimal	c 251	w 0	obfunc 0.967245
TestOp 	c 251	w 0	obfunc 0.967245
TestLOP	c 251	w 0	obfunc 0.967245
TestExa	c 155	w 0	obfunc 0.732861
FoldId 5
Optimal	c 251	w 0	obfunc 0.976654
TestOp 	c 251	w 0	obfunc 0.976654
TestLOP	c 251	w 0	obfunc 0.976654
TestExa	c 152	w 0	obfunc 0.73253
FoldId 6
Optimal	c 252	w 0	obfunc 0.965517
TestOp 	c 252	w 0	obfunc 0.965517
TestLOP	c 252	w 0	obfunc 0.965517
TestExa	c 134	w 0	obfunc 0.663366
FoldId 7
Optimal	c 247	w 0	obfunc 0.976285
TestOp 	c 247	w 0	obfunc 0.976285
TestLOP	c 247	w 0	obfunc 0.976285
TestExa	c 141	w 0	obfunc 0.705
FoldId 8
Optimal	c 252	w 0	obfunc 0.96737
TestOp 	c 252	w 0	obfunc 0.96737
TestLOP	c 252	w 0	obfunc 0.96737
TestExa	c 142	w 0	obfunc 0.690998
FoldId 9
Optimal	c 258	w 0	obfunc 0.980989
TestOp 	c 258	w 0	obfunc 0.980989
TestLOP	c 258	w 0	obfunc 0.980989
TestExa	c 148	w 0	obfunc 0.711538
FoldId 10
Optimal	c 241	w 0	obfunc 0.969819
TestOp 	c 241	w 0	obfunc 0.969819
TestLOP	c 241	w 0	obfunc 0.969819
TestExa	c 153	w 0	obfunc 0.748166

Alpha 0.6
FoldId 1
Optimal	c 275	w 0	obfunc 0.981442
TestOp 	c 275	w 0	obfunc 0.981442
TestLOP	c 275	w 0	obfunc 0.981442
TestExa	c 146	w 0	obfunc 0.719921
FoldId 2
Optimal	c 238	w 0	obfunc 0.980231
TestOp 	c 238	w 0	obfunc 0.980231
TestLOP	c 238	w 0	obfunc 0.980231
TestExa	c 134	w 0	obfunc 0.742794
FoldId 3
Optimal	c 251	w 0	obfunc 0.976654
TestOp 	c 251	w 0	obfunc 0.976654
TestLOP	c 251	w 0	obfunc 0.976654
TestExa	c 134	w 0	obfunc 0.717345
FoldId 4
Optimal	c 251	w 0	obfunc 0.973623
TestOp 	c 251	w 0	obfunc 0.973623
TestLOP	c 251	w 0	obfunc 0.973623
TestExa	c 155	w 0	obfunc 0.774226
FoldId 5
Optimal	c 251	w 0	obfunc 0.981235
TestOp 	c 251	w 0	obfunc 0.981235
TestLOP	c 251	w 0	obfunc 0.981235
TestExa	c 141	w 0	obfunc 0.742887
FoldId 6
Optimal	c 252	w 0	obfunc 0.972222
TestOp 	c 252	w 0	obfunc 0.972222
TestLOP	c 252	w 0	obfunc 0.972222
TestExa	c 134	w 0	obfunc 0.711253
FoldId 7
Optimal	c 247	w 0	obfunc 0.980937
TestOp 	c 247	w 0	obfunc 0.980937
TestLOP	c 247	w 0	obfunc 0.980937
TestExa	c 133	w 0	obfunc 0.725191
FoldId 8
Optimal	c 252	w 0	obfunc 0.973725
TestOp 	c 252	w 0	obfunc 0.973725
TestLOP	c 252	w 0	obfunc 0.973725
TestExa	c 133	w 0	obfunc 0.709712
FoldId 9
Optimal	c 258	w 0	obfunc 0.984733
TestOp 	c 258	w 0	obfunc 0.984733
TestLOP	c 258	w 0	obfunc 0.984733
TestExa	c 147	w 0	obfunc 0.752303
FoldId 10
Optimal	c 241	w 0	obfunc 0.975709
TestOp 	c 241	w 0	obfunc 0.975709
TestLOP	c 241	w 0	obfunc 0.975709
TestExa	c 145	w 0	obfunc 0.765576

Alpha 0.7
FoldId 1
Optimal	c 275	w 0	obfunc 0.986016
TestOp 	c 275	w 0	obfunc 0.986016
TestLOP	c 275	w 0	obfunc 0.986016
TestExa	c 146	w 0	obfunc 0.774125
FoldId 2
Optimal	c 238	w 0	obfunc 0.985099
TestOp 	c 238	w 0	obfunc 0.985099
TestLOP	c 238	w 0	obfunc 0.985099
TestExa	c 134	w 0	obfunc 0.793839
FoldId 3
Optimal	c 251	w 0	obfunc 0.982387
TestOp 	c 251	w 0	obfunc 0.982387
TestLOP	c 251	w 0	obfunc 0.982387
TestExa	c 134	w 0	obfunc 0.771889
FoldId 4
Optimal	c 251	w 0	obfunc 0.980086
TestOp 	c 251	w 0	obfunc 0.980086
TestLOP	c 251	w 0	obfunc 0.980086
TestExa	c 148	w 0	obfunc 0.804348
FoldId 5
Optimal	c 251	w 0	obfunc 0.98586
TestOp 	c 251	w 0	obfunc 0.98586
TestLOP	c 251	w 0	obfunc 0.98586
TestExa	c 141	w 0	obfunc 0.793919
FoldId 6
Optimal	c 252	w 0	obfunc 0.979021
TestOp 	c 252	w 0	obfunc 0.979021
TestLOP	c 252	w 0	obfunc 0.979021
TestExa	c 134	w 0	obfunc 0.76659
FoldId 7
Optimal	c 247	w 0	obfunc 0.985634
TestOp 	c 247	w 0	obfunc 0.985634
TestLOP	c 247	w 0	obfunc 0.985634
TestExa	c 133	w 0	obfunc 0.778689
FoldId 8
Optimal	c 252	w 0	obfunc 0.980163
TestOp 	c 252	w 0	obfunc 0.980163
TestLOP	c 252	w 0	obfunc 0.980163
TestExa	c 133	w 0	obfunc 0.765247
FoldId 9
Optimal	c 258	w 0	obfunc 0.988506
TestOp 	c 258	w 0	obfunc 0.988506
TestLOP	c 258	w 0	obfunc 0.988506
TestExa	c 147	w 0	obfunc 0.801964
FoldId 10
Optimal	c 241	w 0	obfunc 0.98167
TestOp 	c 241	w 0	obfunc 0.98167
TestLOP	c 241	w 0	obfunc 0.98167
TestExa	c 145	w 0	obfunc 0.813236

Alpha 0.8
FoldId 1
Optimal	c 275	w 0	obfunc 0.990634
TestOp 	c 275	w 0	obfunc 0.990634
TestLOP	c 275	w 0	obfunc 0.990634
TestExa	c 146	w 0	obfunc 0.837156
FoldId 2
Optimal	c 238	w 0	obfunc 0.990017
TestOp 	c 238	w 0	obfunc 0.990017
TestLOP	c 238	w 0	obfunc 0.990017
TestExa	c 134	w 0	obfunc 0.852417
FoldId 3
Optimal	c 251	w 0	obfunc 0.988189
TestOp 	c 251	w 0	obfunc 0.988189
TestLOP	c 251	w 0	obfunc 0.988189
TestExa	c 134	w 0	obfunc 0.835411
FoldId 4
Optimal	c 251	w 0	obfunc 0.986635
TestOp 	c 251	w 0	obfunc 0.986635
TestLOP	c 251	w 0	obfunc 0.986635
TestExa	c 148	w 0	obfunc 0.860465
FoldId 5
Optimal	c 251	w 0	obfunc 0.990529
TestOp 	c 250	w 0	obfunc 0.989707
TestLOP	c 250	w 0	obfunc 0.989707
TestExa	c 148	w 0	obfunc 0.865497
FoldId 6
Optimal	c 252	w 0	obfunc 0.985915
TestOp 	c 252	w 0	obfunc 0.985915
TestLOP	c 252	w 0	obfunc 0.985915
TestExa	c 134	w 0	obfunc 0.831266
FoldId 7
Optimal	c 247	w 0	obfunc 0.990377
TestOp 	c 247	w 0	obfunc 0.990377
TestLOP	c 247	w 0	obfunc 0.990377
TestExa	c 133	w 0	obfunc 0.840708
FoldId 8
Optimal	c 252	w 0	obfunc 0.986688
TestOp 	c 252	w 0	obfunc 0.986688
TestLOP	c 252	w 0	obfunc 0.986688
TestExa	c 133	w 0	obfunc 0.830212
FoldId 9
Optimal	c 258	w 0	obfunc 0.992308
TestOp 	c 258	w 0	obfunc 0.992308
TestLOP	c 258	w 0	obfunc 0.992308
TestExa	c 147	w 0	obfunc 0.858645
FoldId 10
Optimal	c 241	w 0	obfunc 0.987705
TestOp 	c 241	w 0	obfunc 0.987705
TestLOP	c 241	w 0	obfunc 0.987705
TestExa	c 145	w 0	obfunc 0.867225

Alpha 0.9
FoldId 1
Optimal	c 275	w 0	obfunc 0.995295
TestOp 	c 275	w 0	obfunc 0.995295
TestLOP	c 275	w 0	obfunc 0.995295
TestExa	c 146	w 0	obfunc 0.911361
FoldId 2
Optimal	c 238	w 0	obfunc 0.994983
TestOp 	c 238	w 0	obfunc 0.994983
TestLOP	c 238	w 0	obfunc 0.994983
TestExa	c 134	w 0	obfunc 0.92033
FoldId 3
Optimal	c 251	w 0	obfunc 0.994059
TestOp 	c 251	w 0	obfunc 0.994059
TestLOP	c 251	w 0	obfunc 0.994059
TestExa	c 134	w 0	obfunc 0.910326
FoldId 4
Optimal	c 251	w 0	obfunc 0.993273
TestOp 	c 251	w 0	obfunc 0.993273
TestLOP	c 251	w 0	obfunc 0.993273
TestExa	c 164	w 0	obfunc 0.940367
FoldId 5
Optimal	c 251	w 0	obfunc 0.995242
TestOp 	c 250	w 0	obfunc 0.994827
TestLOP	c 250	w 0	obfunc 0.994827
TestExa	c 148	w 0	obfunc 0.9279
FoldId 6
Optimal	c 252	w 0	obfunc 0.992908
TestOp 	c 252	w 0	obfunc 0.992908
TestLOP	c 252	w 0	obfunc 0.992908
TestExa	c 134	w 0	obfunc 0.907859
FoldId 7
Optimal	c 247	w 0	obfunc 0.995165
TestOp 	c 247	w 0	obfunc 0.995165
TestLOP	c 247	w 0	obfunc 0.995165
TestExa	c 145	w 0	obfunc 0.92711
FoldId 8
Optimal	c 252	w 0	obfunc 0.993299
TestOp 	c 252	w 0	obfunc 0.993299
TestLOP	c 252	w 0	obfunc 0.993299
TestExa	c 133	w 0	obfunc 0.907231
FoldId 9
Optimal	c 258	w 0	obfunc 0.996139
TestOp 	c 258	w 0	obfunc 0.996139
TestLOP	c 258	w 0	obfunc 0.996139
TestExa	c 147	w 0	obfunc 0.923947
FoldId 10
Optimal	c 241	w 0	obfunc 0.993814
TestOp 	c 241	w 0	obfunc 0.993814
TestLOP	c 241	w 0	obfunc 0.993814
TestExa	c 145	w 0	obfunc 0.928892

TrainFile : ../../data/cora.format.train.input.clean	RuleFile: ../../data/cora.rules.accuracy
FoldNum 5
Alpha 0.1
FoldId 1
Optimal	c 2629	w 937	obfunc 0.90994
TestOp 	c 2633	w 988	obfunc 0.909593
TestLOP	c 2361	w 303	obfunc 0.843516
TestExa	c 48	w 6	obfunc 0.0189125
FoldId 2
Optimal	c 2718	w 966	obfunc 0.907089
TestOp 	c 2718	w 966	obfunc 0.907089
TestLOP	c 2459	w 265	obfunc 0.847814
TestExa	c 64	w 5	obfunc 0.0242893
FoldId 3
Optimal	c 2614	w 928	obfunc 0.915202
TestOp 	c 2612	w 919	obfunc 0.914854
TestLOP	c 2373	w 240	obfunc 0.858756
TestExa	c 50	w 7	obfunc 0.0199386
FoldId 4
Optimal	c 2655	w 955	obfunc 0.90822
TestOp 	c 2653	w 952	obfunc 0.907691
TestLOP	c 2400	w 280	obfunc 0.847967
TestExa	c 60	w 4	obfunc 0.0233581
FoldId 5
Optimal	c 2749	w 1357	obfunc 0.904961
TestOp 	c 2707	w 981	obfunc 0.903568
TestLOP	c 2421	w 269	obfunc 0.835952
TestExa	c 53	w 4	obfunc 0.0201307

Alpha 0.2
FoldId 1
Optimal	c 2538	w 339	obfunc 0.897899
TestOp 	c 2542	w 374	obfunc 0.896839
TestLOP	c 2239	w 274	obfunc 0.813058
TestExa	c 62	w 9	obfunc 0.0273682
FoldId 2
Optimal	c 2632	w 315	obfunc 0.899706
TestOp 	c 2636	w 353	obfunc 0.898493
TestLOP	c 2371	w 239	obfunc 0.829601
TestExa	c 72	w 5	obfunc 0.0306201
FoldId 3
Optimal	c 2539	w 317	obfunc 0.908343
TestOp 	c 2528	w 293	obfunc 0.906678
TestLOP	c 2270	w 212	obfunc 0.834436
TestExa	c 65	w 9	obfunc 0.0290334
FoldId 4
Optimal	c 2562	w 357	obfunc 0.895366
TestOp 	c 2558	w 345	obfunc 0.894969
TestLOP	c 2290	w 238	obfunc 0.822794
TestExa	c 65	w 6	obfunc 0.028362
FoldId 5
Optimal	c 2608	w 325	obfunc 0.8926
TestOp 	c 2605	w 324	obfunc 0.891818
TestLOP	c 2298	w 229	obfunc 0.808984
TestExa	c 68	w 5	obfunc 0.0289386

Alpha 0.3
FoldId 1
Optimal	c 2530	w 317	obfunc 0.895924
TestOp 	c 2538	w 339	obfunc 0.895902
TestLOP	c 2114	w 262	obfunc 0.788041
TestExa	c 62	w 9	obfunc 0.0311386
FoldId 2
Optimal	c 2631	w 311	obfunc 0.898995
TestOp 	c 2631	w 318	obfunc 0.898351
TestLOP	c 2137	w 225	obfunc 0.776357
TestExa	c 72	w 5	obfunc 0.0348314
FoldId 3
Optimal	c 2526	w 273	obfunc 0.906774
TestOp 	c 2528	w 292	obfunc 0.905444
TestLOP	c 2127	w 199	obfunc 0.804524
TestExa	c 65	w 9	obfunc 0.0330251
FoldId 4
Optimal	c 2557	w 337	obfunc 0.893712
TestOp 	c 2558	w 345	obfunc 0.893219
TestLOP	c 2155	w 223	obfunc 0.79629
TestExa	c 65	w 6	obfunc 0.0322709
FoldId 5
Optimal	c 2606	w 319	obfunc 0.892221
TestOp 	c 2605	w 324	obfunc 0.891513
TestLOP	c 2111	w 218	obfunc 0.769876
TestExa	c 68	w 5	obfunc 0.0329266

Alpha 0.4
FoldId 1
Optimal	c 2525	w 304	obfunc 0.89539
TestOp 	c 2524	w 304	obfunc 0.895162
TestLOP	c 2068	w 259	obfunc 0.789554
TestExa	c 62	w 5	obfunc 0.0361474
FoldId 2
Optimal	c 2618	w 285	obfunc 0.898668
TestOp 	c 2619	w 288	obfunc 0.898518
TestLOP	c 2137	w 225	obfunc 0.792421
TestExa	c 64	w 5	obfunc 0.0359631
FoldId 3
Optimal	c 2522	w 264	obfunc 0.906412
TestOp 	c 2522	w 268	obfunc 0.905891
TestLOP	c 2068	w 199	obfunc 0.803169
TestExa	c 59	w 5	obfunc 0.034837
FoldId 4
Optimal	c 2554	w 329	obfunc 0.89257
TestOp 	c 2543	w 319	obfunc 0.891342
TestLOP	c 2099	w 222	obfunc 0.796101
TestExa	c 61	w 4	obfunc 0.0351747
FoldId 5
Optimal	c 2606	w 319	obfunc 0.892038
TestOp 	c 2596	w 316	obfunc 0.8902
TestLOP	c 2111	w 218	obfunc 0.786806
TestExa	c 58	w 4	obfunc 0.032654

Alpha 0.5
FoldId 1
Optimal	c 2525	w 304	obfunc 0.894914
TestOp 	c 2524	w 304	obfunc 0.894718
TestLOP	c 1972	w 240	obfunc 0.784719
TestExa	c 62	w 5	obfunc 0.0430406
FoldId 2
Optimal	c 2618	w 285	obfunc 0.899193
TestOp 	c 2619	w 288	obfunc 0.898919
TestLOP	c 2048	w 212	obfunc 0.790734
TestExa	c 64	w 5	obfunc 0.0428237
FoldId 3
Optimal	c 2519	w 260	obfunc 0.906278
TestOp 	c 2522	w 268	obfunc 0.905566
TestLOP	c 1981	w 185	obfunc 0.801051
TestExa	c 59	w 5	obfunc 0.0414909
FoldId 4
Optimal	c 2541	w 306	obfunc 0.892518
TestOp 	c 2543	w 319	obfunc 0.890874
TestLOP	c 2012	w 211	obfunc 0.793688
TestExa	c 61	w 4	obfunc 0.0418956
FoldId 5
Optimal	c 2606	w 319	obfunc 0.891855
TestOp 	c 2586	w 313	obfunc 0.888965
TestLOP	c 2013	w 206	obfunc 0.783573
TestExa	c 58	w 4	obfunc 0.0389131

Alpha 0.6
FoldId 1
Optimal	c 2516	w 295	obfunc 0.894673
TestOp 	c 2518	w 302	obfunc 0.893668
TestLOP	c 1878	w 224	obfunc 0.786828
TestExa	c 62	w 5	obfunc 0.0531824
FoldId 2
Optimal	c 2616	w 283	obfunc 0.899773
TestOp 	c 2609	w 280	obfunc 0.899221
TestLOP	c 1881	w 169	obfunc 0.784404
TestExa	c 64	w 5	obfunc 0.0529188
FoldId 3
Optimal	c 2514	w 255	obfunc 0.906469
TestOp 	c 2518	w 264	obfunc 0.905365
TestLOP	c 1897	w 169	obfunc 0.806685
TestExa	c 59	w 5	obfunc 0.0512865
FoldId 4
Optimal	c 2541	w 306	obfunc 0.892518
TestOp 	c 2542	w 319	obfunc 0.890243
TestLOP	c 1831	w 149	obfunc 0.786918
TestExa	c 61	w 4	obfunc 0.0517915
FoldId 5
Optimal	c 2602	w 315	obfunc 0.891768
TestOp 	c 2578	w 307	obfunc 0.889395
TestLOP	c 1841	w 169	obfunc 0.775615
TestExa	c 58	w 4	obfunc 0.0481408

Alpha 0.7
FoldId 1
Optimal	c 2508	w 290	obfunc 0.894819
TestOp 	c 2501	w 288	obfunc 0.894332
TestLOP	c 1764	w 172	obfunc 0.802037
TestExa	c 62	w 5	obfunc 0.0695769
FoldId 2
Optimal	c 2603	w 275	obfunc 0.900505
TestOp 	c 2602	w 275	obfunc 0.900377
TestLOP	c 1813	w 167	obfunc 0.801503
TestExa	c 64	w 5	obfunc 0.0692416
FoldId 3
Optimal	c 2481	w 233	obfunc 0.907528
TestOp 	c 2504	w 251	obfunc 0.906425
TestLOP	c 1736	w 130	obfunc 0.811139
TestExa	c 59	w 5	obfunc 0.067137
FoldId 4
Optimal	c 2473	w 262	obfunc 0.893231
TestOp 	c 2521	w 296	obfunc 0.892074
TestLOP	c 1779	w 144	obfunc 0.808563
TestExa	c 61	w 4	obfunc 0.0678079
FoldId 5
Optimal	c 2596	w 311	obfunc 0.891912
TestOp 	c 2574	w 304	obfunc 0.890565
TestLOP	c 1769	w 164	obfunc 0.793701
TestExa	c 58	w 4	obfunc 0.0631052

Alpha 0.8
FoldId 1
Optimal	c 2371	w 229	obfunc 0.897155
TestOp 	c 2346	w 221	obfunc 0.896652
TestLOP	c 1719	w 168	obfunc 0.829473
TestExa	c 62	w 5	obfunc 0.100584
FoldId 2
Optimal	c 2443	w 209	obfunc 0.902942
TestOp 	c 2442	w 212	obfunc 0.902039
TestLOP	c 1811	w 167	obfunc 0.835949
TestExa	c 64	w 5	obfunc 0.100125
FoldId 3
Optimal	c 2331	w 177	obfunc 0.909694
TestOp 	c 2341	w 186	obfunc 0.908209
TestLOP	c 1701	w 128	obfunc 0.842413
TestExa	c 59	w 5	obfunc 0.0971673
FoldId 4
Optimal	c 2314	w 202	obfunc 0.896135
TestOp 	c 2328	w 211	obfunc 0.895178
TestLOP	c 1726	w 138	obfunc 0.83762
TestExa	c 61	w 4	obfunc 0.0981654
FoldId 5
Optimal	c 2409	w 217	obfunc 0.89734
TestOp 	c 2406	w 218	obfunc 0.896757
TestLOP	c 1725	w 161	obfunc 0.824333
TestExa	c 58	w 4	obfunc 0.0915693

Alpha 0.9
FoldId 1
Optimal	c 2219	w 188	obfunc 0.906565
TestOp 	c 2327	w 218	obfunc 0.904779
TestLOP	c 1587	w 153	obfunc 0.859045
TestExa	c 62	w 5	obfunc 0.181446
FoldId 2
Optimal	c 2320	w 181	obfunc 0.912344
TestOp 	c 2329	w 187	obfunc 0.911047
TestLOP	c 1666	w 160	obfunc 0.860804
TestExa	c 64	w 5	obfunc 0.18074
FoldId 3
Optimal	c 2331	w 177	obfunc 0.919454
TestOp 	c 2204	w 158	obfunc 0.916882
TestLOP	c 1592	w 124	obfunc 0.873573
TestExa	c 59	w 5	obfunc 0.175805
FoldId 4
Optimal	c 2290	w 196	obfunc 0.907974
TestOp 	c 2316	w 207	obfunc 0.906316
TestLOP	c 1547	w 121	obfunc 0.86623
TestExa	c 61	w 4	obfunc 0.177739
FoldId 5
Optimal	c 2380	w 210	obfunc 0.907393
TestOp 	c 2284	w 194	obfunc 0.905595
TestLOP	c 1575	w 145	obfunc 0.856025
TestExa	c 58	w 4	obfunc 0.16681

FoldNum 10
Alpha 0.1
FoldId 1
Optimal	c 1397	w 470	obfunc 0.915525
TestOp 	c 1399	w 497	obfunc 0.915097
TestLOP	c 1258	w 156	obfunc 0.849656
TestExa	c 32	w 2	obfunc 0.0238344
FoldId 2
Optimal	c 1391	w 669	obfunc 0.907608
TestOp 	c 1368	w 483	obfunc 0.904941
TestLOP	c 1220	w 135	obfunc 0.834416
TestExa	c 29	w 1	obfunc 0.0218111
FoldId 3
Optimal	c 1283	w 489	obfunc 0.905754
TestOp 	c 1283	w 503	obfunc 0.904859
TestLOP	c 1170	w 141	obfunc 0.853765
TestExa	c 23	w 4	obfunc 0.0185185
FoldId 4
Optimal	c 1414	w 565	obfunc 0.907166
TestOp 	c 1406	w 504	obfunc 0.906045
TestLOP	c 1253	w 136	obfunc 0.8355
TestExa	c 22	w 3	obfunc 0.0161373
FoldId 5
Optimal	c 1326	w 493	obfunc 0.912783
TestOp 	c 1326	w 502	obfunc 0.912218
TestLOP	c 1212	w 129	obfunc 0.862695
TestExa	c 23	w 2	obfunc 0.0180633
FoldId 6
Optimal	c 1307	w 453	obfunc 0.907891
TestOp 	c 1304	w 443	obfunc 0.906626
TestLOP	c 1177	w 143	obfunc 0.843365
TestExa	c 31	w 0	obfunc 0.024473
FoldId 7
Optimal	c 1259	w 459	obfunc 0.908435
TestOp 	c 1259	w 479	obfunc 0.907126
TestLOP	c 1140	w 126	obfunc 0.850302
TestExa	c 20	w 6	obfunc 0.0164379
FoldId 8
Optimal	c 1310	w 497	obfunc 0.908713
TestOp 	c 1309	w 491	obfunc 0.90846
TestLOP	c 1168	w 157	obfunc 0.838237
TestExa	c 37	w 5	obfunc 0.0292467
FoldId 9
Optimal	c 1338	w 449	obfunc 0.914559
TestOp 	c 1338	w 449	obfunc 0.914559
TestLOP	c 1208	w 116	obfunc 0.852686
TestExa	c 24	w 0	obfunc 0.0186524
FoldId 10
Optimal	c 1331	w 450	obfunc 0.905134
TestOp 	c 1331	w 459	obfunc 0.904581
TestLOP	c 1207	w 119	obfunc 0.847018
TestExa	c 34	w 3	obfunc 0.0262325

Alpha 0.2
FoldId 1
Optimal	c 1349	w 180	obfunc 0.901617
TestOp 	c 1348	w 182	obfunc 0.900829
TestLOP	c 1213	w 141	obfunc 0.83014
TestExa	c 38	w 2	obfunc 0.0317089
FoldId 2
Optimal	c 1310	w 162	obfunc 0.888979
TestOp 	c 1310	w 166	obfunc 0.888497
TestLOP	c 1180	w 118	obfunc 0.820128
TestExa	c 40	w 3	obfunc 0.0336757
FoldId 3
Optimal	c 1244	w 168	obfunc 0.898844
TestOp 	c 1241	w 173	obfunc 0.896417
TestLOP	c 1096	w 131	obfunc 0.81366
TestExa	c 32	w 5	obfunc 0.0288548
FoldId 4
Optimal	c 1357	w 172	obfunc 0.895473
TestOp 	c 1353	w 162	obfunc 0.894486
TestLOP	c 1190	w 124	obfunc 0.808204
TestExa	c 27	w 3	obfunc 0.0222113
FoldId 5
Optimal	c 1288	w 135	obfunc 0.910762
TestOp 	c 1289	w 148	obfunc 0.909668
TestLOP	c 1153	w 110	obfunc 0.834177
TestExa	c 28	w 3	obfunc 0.0246522
FoldId 6
Optimal	c 1263	w 185	obfunc 0.893969
TestOp 	c 1255	w 168	obfunc 0.891462
TestLOP	c 1099	w 128	obfunc 0.80301
TestExa	c 36	w 0	obfunc 0.0318471
FoldId 7
Optimal	c 1223	w 148	obfunc 0.90365
TestOp 	c 1223	w 166	obfunc 0.901253
TestLOP	c 1101	w 106	obfunc 0.833712
TestExa	c 22	w 6	obfunc 0.0202802
FoldId 8
Optimal	c 1258	w 193	obfunc 0.891566
TestOp 	c 1255	w 191	obfunc 0.890071
TestLOP	c 1130	w 134	obfunc 0.822656
TestExa	c 43	w 7	obfunc 0.0380262
FoldId 9
Optimal	c 1299	w 133	obfunc 0.909664
TestOp 	c 1299	w 136	obfunc 0.909282
TestLOP	c 1157	w 96	obfunc 0.831059
TestExa	c 28	w 0	obfunc 0.0244073
FoldId 10
Optimal	c 1292	w 156	obfunc 0.89822
TestOp 	c 1288	w 150	obfunc 0.896686
TestLOP	c 1155	w 107	obfunc 0.824293
TestExa	c 38	w 5	obfunc 0.0328322

Alpha 0.3
FoldId 1
Optimal	c 1348	w 177	obfunc 0.899206
TestOp 	c 1348	w 182	obfunc 0.898307
TestLOP	c 1125	w 134	obfunc 0.792644
TestExa	c 38	w 2	obfunc 0.0360668
FoldId 2
Optimal	c 1310	w 162	obfunc 0.8891
TestOp 	c 1310	w 165	obfunc 0.888557
TestLOP	c 1105	w 110	obfunc 0.791377
TestExa	c 40	w 3	obfunc 0.0382885
FoldId 3
Optimal	c 1239	w 147	obfunc 0.898021
TestOp 	c 1241	w 173	obfunc 0.894028
TestLOP	c 1024	w 121	obfunc 0.783234
TestExa	c 32	w 5	obfunc 0.0328205
FoldId 4
Optimal	c 1354	w 162	obfunc 0.894792
TestOp 	c 1353	w 162	obfunc 0.894309
TestLOP	c 1129	w 119	obfunc 0.787968
TestExa	c 27	w 3	obfunc 0.0252951
FoldId 5
Optimal	c 1287	w 132	obfunc 0.91012
TestOp 	c 1289	w 147	obfunc 0.908258
TestLOP	c 1048	w 102	obfunc 0.785961
TestExa	c 28	w 3	obfunc 0.0280645
FoldId 6
Optimal	c 1256	w 160	obfunc 0.892299
TestOp 	c 1255	w 168	obfunc 0.89026
TestLOP	c 1013	w 124	obfunc 0.765164
TestExa	c 36	w 0	obfunc 0.0362319
FoldId 7
Optimal	c 1221	w 141	obfunc 0.902506
TestOp 	c 1222	w 146	obfunc 0.902045
TestLOP	c 1027	w 101	obfunc 0.800655
TestExa	c 22	w 6	obfunc 0.0230923
FoldId 8
Optimal	c 1255	w 182	obfunc 0.888936
TestOp 	c 1255	w 191	obfunc 0.887239
TestLOP	c 1065	w 124	obfunc 0.796321
TestExa	c 43	w 7	obfunc 0.0431857
FoldId 9
Optimal	c 1298	w 130	obfunc 0.909409
TestOp 	c 1299	w 135	obfunc 0.908964
TestLOP	c 1091	w 92	obfunc 0.80588
TestExa	c 28	w 0	obfunc 0.0277971
FoldId 10
Optimal	c 1288	w 148	obfunc 0.896936
TestOp 	c 1288	w 149	obfunc 0.896749
TestLOP	c 1081	w 100	obfunc 0.795145
TestExa	c 38	w 5	obfunc 0.0373244

Alpha 0.4
FoldId 1
Optimal	c 1338	w 156	obfunc 0.897746
TestOp 	c 1337	w 157	obfunc 0.897075
TestLOP	c 1095	w 134	obfunc 0.790956
TestExa	c 34	w 2	obfunc 0.037478
FoldId 2
Optimal	c 1310	w 162	obfunc 0.889221
TestOp 	c 1309	w 163	obfunc 0.888542
TestLOP	c 1075	w 109	obfunc 0.791605
TestExa	c 38	w 1	obfunc 0.0422222
FoldId 3
Optimal	c 1236	w 140	obfunc 0.897864
TestOp 	c 1241	w 172	obfunc 0.891907
TestLOP	c 998	w 121	obfunc 0.783482
TestExa	c 32	w 5	obfunc 0.0380499
FoldId 4
Optimal	c 1349	w 152	obfunc 0.8948
TestOp 	c 1345	w 150	obfunc 0.893569
TestLOP	c 1104	w 119	obfunc 0.790604
TestExa	c 25	w 1	obfunc 0.027245
FoldId 5
Optimal	c 1287	w 132	obfunc 0.909669
TestOp 	c 1286	w 132	obfunc 0.909219
TestLOP	c 1048	w 102	obfunc 0.801714
TestExa	c 26	w 2	obfunc 0.0302889
FoldId 6
Optimal	c 1254	w 156	obfunc 0.891638
TestOp 	c 1251	w 155	obfunc 0.890518
TestLOP	c 1013	w 124	obfunc 0.780913
TestExa	c 36	w 0	obfunc 0.0420168
FoldId 7
Optimal	c 1221	w 141	obfunc 0.901639
TestOp 	c 1215	w 143	obfunc 0.89827
TestLOP	c 1003	w 100	obfunc 0.802015
TestExa	c 19	w 6	obfunc 0.0231877
FoldId 8
Optimal	c 1255	w 182	obfunc 0.886675
TestOp 	c 1253	w 176	obfunc 0.887268
TestLOP	c 1032	w 123	obfunc 0.792262
TestExa	c 42	w 5	obfunc 0.0488713
FoldId 9
Optimal	c 1298	w 130	obfunc 0.909346
TestOp 	c 1288	w 124	obfunc 0.906404
TestLOP	c 1061	w 91	obfunc 0.805619
TestExa	c 25	w 0	obfunc 0.0288617
FoldId 10
Optimal	c 1288	w 148	obfunc 0.896936
TestOp 	c 1281	w 142	obfunc 0.895303
TestLOP	c 1054	w 100	obfunc 0.796554
TestExa	c 35	w 3	obfunc 0.0399179

Alpha 0.5
FoldId 1
Optimal	c 1338	w 156	obfunc 0.897384
TestOp 	c 1337	w 157	obfunc 0.896714
TestLOP	c 1059	w 127	obfunc 0.792072
TestExa	c 34	w 2	obfunc 0.0446194
FoldId 2
Optimal	c 1308	w 159	obfunc 0.889493
TestOp 	c 1309	w 163	obfunc 0.888663
TestLOP	c 1016	w 102	obfunc 0.783951
TestExa	c 38	w 1	obfunc 0.0502313
FoldId 3
Optimal	c 1236	w 140	obfunc 0.89793
TestOp 	c 1239	w 151	obfunc 0.895555
TestLOP	c 965	w 109	obfunc 0.787434
TestExa	c 24	w 3	obfunc 0.034188
FoldId 4
Optimal	c 1349	w 152	obfunc 0.895453
TestOp 	c 1345	w 150	obfunc 0.894579
TestLOP	c 1054	w 113	obfunc 0.786861
TestExa	c 25	w 1	obfunc 0.0325098
FoldId 5
Optimal	c 1285	w 129	obfunc 0.909413
TestOp 	c 1286	w 132	obfunc 0.908834
TestLOP	c 999	w 98	obfunc 0.796333
TestExa	c 26	w 2	obfunc 0.0361111
FoldId 6
Optimal	c 1254	w 156	obfunc 0.891258
TestOp 	c 1251	w 155	obfunc 0.890391
TestLOP	c 977	w 116	obfunc 0.782539
TestExa	c 36	w 0	obfunc 0.05
FoldId 7
Optimal	c 1221	w 141	obfunc 0.900775
TestOp 	c 1215	w 143	obfunc 0.897673
TestLOP	c 952	w 94	obfunc 0.79499
TestExa	c 19	w 6	obfunc 0.0276565
FoldId 8
Optimal	c 1253	w 179	obfunc 0.884575
TestOp 	c 1253	w 176	obfunc 0.885512
TestLOP	c 990	w 117	obfunc 0.789474
TestExa	c 42	w 5	obfunc 0.058011
FoldId 9
Optimal	c 1298	w 130	obfunc 0.909282
TestOp 	c 1288	w 124	obfunc 0.907362
TestLOP	c 1017	w 85	obfunc 0.80427
TestExa	c 25	w 0	obfunc 0.0344353
FoldId 10
Optimal	c 1288	w 148	obfunc 0.896936
TestOp 	c 1281	w 142	obfunc 0.896118
TestLOP	c 1000	w 93	obfunc 0.790826
TestExa	c 35	w 3	obfunc 0.0474898

Alpha 0.6
FoldId 1
Optimal	c 1331	w 148	obfunc 0.897747
TestOp 	c 1330	w 154	obfunc 0.895261
TestLOP	c 959	w 92	obfunc 0.782346
TestExa	c 34	w 2	obfunc 0.0551232
FoldId 2
Optimal	c 1306	w 158	obfunc 0.889646
TestOp 	c 1304	w 159	obfunc 0.888647
TestLOP	c 969	w 97	obfunc 0.788318
TestExa	c 38	w 1	obfunc 0.0619902
FoldId 3
Optimal	c 1236	w 140	obfunc 0.897995
TestOp 	c 1239	w 149	obfunc 0.89549
TestLOP	c 872	w 79	obfunc 0.777599
TestExa	c 24	w 3	obfunc 0.042328
FoldId 4
Optimal	c 1347	w 150	obfunc 0.896208
TestOp 	c 1341	w 150	obfunc 0.894358
TestLOP	c 1001	w 109	obfunc 0.787693
TestExa	c 25	w 1	obfunc 0.0402966
FoldId 5
Optimal	c 1283	w 127	obfunc 0.909413
TestOp 	c 1285	w 132	obfunc 0.908127
TestLOP	c 952	w 87	obfunc 0.801212
TestExa	c 26	w 2	obfunc 0.0447043
FoldId 6
Optimal	c 1248	w 150	obfunc 0.891174
TestOp 	c 1243	w 150	obfunc 0.889509
TestLOP	c 937	w 111	obfunc 0.78713
TestExa	c 36	w 0	obfunc 0.0617284
FoldId 7
Optimal	c 1216	w 136	obfunc 0.900207
TestOp 	c 1208	w 138	obfunc 0.896675
TestLOP	c 868	w 72	obfunc 0.786517
TestExa	c 19	w 6	obfunc 0.0342589
FoldId 8
Optimal	c 1194	w 123	obfunc 0.884052
TestOp 	c 1248	w 175	obfunc 0.882478
TestLOP	c 956	w 111	obfunc 0.796269
TestExa	c 42	w 5	obfunc 0.0713558
FoldId 9
Optimal	c 1280	w 113	obfunc 0.909996
TestOp 	c 1284	w 120	obfunc 0.908576
TestLOP	c 925	w 64	obfunc 0.794537
TestExa	c 25	w 0	obfunc 0.0426767
FoldId 10
Optimal	c 1264	w 121	obfunc 0.899388
TestOp 	c 1278	w 140	obfunc 0.896716
TestLOP	c 957	w 91	obfunc 0.795379
TestExa	c 35	w 3	obfunc 0.0586068

Alpha 0.7
FoldId 1
Optimal	c 1331	w 148	obfunc 0.898293
TestOp 	c 1327	w 151	obfunc 0.896016
TestLOP	c 936	w 91	obfunc 0.803227
TestExa	c 34	w 2	obfunc 0.072095
FoldId 2
