#
# A fatal error has been detected by the Java Runtime Environment:
#
#  SIGSEGV (0xb) at pc=0xb764ad35, pid=13341, tid=3074524864
#
# JRE version: 6.0_14-b08
# Java VM: Java HotSpot(TM) Client VM (14.0-b16 mixed mode, sharing linux-x86 )
# Problematic frame:
# C  [libstdc++.so.6+0x94d35]  _ZNSsC1ERKSs+0x15
#
# If you would like to submit a bug report, please visit:
#   http://java.sun.com/webapps/bugreport/crash.jsp
# The crash happened outside the Java Virtual Machine in native code.
# See problematic frame for where to report the bug.
#

---------------  T H R E A D  ---------------

Current thread (0x08073000):  JavaThread "main" [_thread_in_native, id=13341, stack(0xbfc02000,0xbfc52000)]

siginfo:si_signo=SIGSEGV: si_errno=0, si_code=1 (SEGV_MAPERR), si_addr=0x0000000c

Registers:
EAX=0x0000000c, EBX=0xb76a1ff4, ECX=0x00000006, EDX=0x00000018
ESP=0xbfc51010, EBP=0xbfc51038, ESI=0xbfc510b4, EDI=0x080ab4c8
EIP=0xb764ad35, CR2=0x0000000c, EFLAGS=0x00010292

Top of Stack: (sp=0xbfc51010)
0xbfc51010:   bfc51098 bfc51098 bfc51038 08066fcd
0xbfc51020:   080ab758 081019b0 080ac394 bfc5126c
0xbfc51030:   bfc512b8 080ab948 bfc510c8 08052b6e
0xbfc51040:   bfc510b4 0000000c bfc510c8 0804b7ce
0xbfc51050:   080ab8e0 00000004 00000006 000000e0
0xbfc51060:   00000018 bfc51184 bfc51194 00000004
0xbfc51070:   080ac3ec 00000004 080ab7d0 080ac3ec
0xbfc51080:   00000004 080ab7d0 00000000 080ab940 

Instructions: (pc=0xb764ad35)
0xb764ad25:   ec 24 8b 45 0c e8 c8 dd fa ff 81 c3 c5 72 05 00
0xb764ad35:   8b 10 83 ea 0c 8b 42 08 85 c0 78 16 3b 93 34 fd 

Stack: [0xbfc02000,0xbfc52000],  sp=0xbfc51010,  free space=316k
Native frames: (J=compiled Java code, j=interpreted, Vv=VM code, C=native code)
C  [libstdc++.so.6+0x94d35]  _ZNSsC1ERKSs+0x15
C  [TestAccuracy+0xab6e]
C  [TestAccuracy+0x1eaf]  __gxx_personality_v0+0x3b3
C  [TestAccuracy+0x288b]
C  [libc.so.6+0x16450]  __libc_start_main+0xe0


---------------  P R O C E S S  ---------------

Java Threads: ( => current thread )
  0xb5012400 JavaThread "Low Memory Detector" daemon [_thread_blocked, id=13347, stack(0xb4cd5000,0xb4d26000)]
  0xb5010800 JavaThread "CompilerThread0" daemon [_thread_blocked, id=13346, stack(0xb4d26000,0xb4da7000)]
  0xb500f000 JavaThread "Signal Dispatcher" daemon [_thread_blocked, id=13345, stack(0xb4da7000,0xb4df8000)]
  0xb5000800 JavaThread "Finalizer" daemon [_thread_blocked, id=13344, stack(0xb5116000,0xb5167000)]
  0x08099000 JavaThread "Reference Handler" daemon [_thread_blocked, id=13343, stack(0xb5167000,0xb51b8000)]
=>0x08073000 JavaThread "main" [_thread_in_native, id=13341, stack(0xbfc02000,0xbfc52000)]

Other Threads:
  0x08097400 VMThread [stack: 0xb51b8000,0xb5239000] [id=13342]
  0xb5014400 WatcherThread [stack: 0xb4c54000,0xb4cd5000] [id=13348]

VM state:not at safepoint (normal execution)

VM Mutex/Monitor currently owned by a thread: None

Heap
 def new generation   total 960K, used 306K [0x877b0000, 0x878b0000, 0x88180000)
  eden space 896K,  34% used [0x877b0000, 0x877fc8d0, 0x87890000)
  from space 64K,   0% used [0x87890000, 0x87890000, 0x878a0000)
  to   space 64K,   0% used [0x878a0000, 0x878a0000, 0x878b0000)
 tenured generation   total 4096K, used 0K [0x88180000, 0x88580000, 0x8f7b0000)
   the space 4096K,   0% used [0x88180000, 0x88180000, 0x88180200, 0x88580000)
 compacting perm gen  total 12288K, used 43K [0x8f7b0000, 0x903b0000, 0x937b0000)
   the space 12288K,   0% used [0x8f7b0000, 0x8f7badc0, 0x8f7bae00, 0x903b0000)
    ro space 8192K,  74% used [0x937b0000, 0x93da9cc8, 0x93da9e00, 0x93fb0000)
    rw space 12288K,  59% used [0x93fb0000, 0x946c7540, 0x946c7600, 0x94bb0000)

Dynamic libraries:
08048000-0806d000 r-xp 00000000 08:05 2809941    /home/jnwang/RuleAssist/code/RuleAssist/TestAccuracy
0806d000-0806e000 rw-p 00024000 08:05 2809941    /home/jnwang/RuleAssist/code/RuleAssist/TestAccuracy
0806e000-0811a000 rw-p 0806e000 00:00 0          [heap]
877b0000-878b0000 rwxp 877b0000 00:00 0 
878b0000-88180000 rwxp 878b0000 00:00 0 
88180000-88580000 rwxp 88180000 00:00 0 
88580000-8f7b0000 rwxp 88580000 00:00 0 
8f7b0000-903b0000 rwxp 8f7b0000 00:00 0 
903b0000-937b0000 rwxp 903b0000 00:00 0 
937b0000-93daa000 r--s 00001000 08:01 860674     /usr/lib/jvm/java-6-sun-1.6.0.14/jre/lib/i386/client/classes.jsa
93daa000-93fb0000 rwxp 93daa000 00:00 0 
93fb0000-946c8000 rw-p 005fb000 08:01 860674     /usr/lib/jvm/java-6-sun-1.6.0.14/jre/lib/i386/client/classes.jsa
946c8000-94bb0000 rwxp 946c8000 00:00 0 
94bb0000-94c8e000 rw-p 00d13000 08:01 860674     /usr/lib/jvm/java-6-sun-1.6.0.14/jre/lib/i386/client/classes.jsa
94c8e000-94fb0000 rwxp 94c8e000 00:00 0 
94fb0000-94fb8000 r-xs 00df1000 08:01 860674     /usr/lib/jvm/java-6-sun-1.6.0.14/jre/lib/i386/client/classes.jsa
94fb8000-953b0000 rwxp 94fb8000 00:00 0 
b4c54000-b4c55000 ---p b4c54000 00:00 0 
b4c55000-b4cd5000 rwxp b4c55000 00:00 0 
b4cd5000-b4cd8000 ---p b4cd5000 00:00 0 
b4cd8000-b4d26000 rwxp b4cd8000 00:00 0 
b4d26000-b4d29000 ---p b4d26000 00:00 0 
b4d29000-b4da7000 rwxp b4d29000 00:00 0 
b4da7000-b4daa000 ---p b4da7000 00:00 0 
b4daa000-b4df8000 rwxp b4daa000 00:00 0 
b4df8000-b4e2b000 rw-p b4df8000 00:00 0 
b4e2b000-b4fc1000 r--s 02fb1000 08:01 674101     /usr/lib/jvm/java-6-sun-1.6.0.14/jre/lib/rt.jar
b4fc1000-b5000000 r--p 00000000 08:01 540674     /usr/lib/locale/en_US.utf8/LC_CTYPE
b5000000-b506a000 rw-p b5000000 00:00 0 
b506a000-b5100000 ---p b506a000 00:00 0 
b510b000-b510f000 r--s 0001d000 08:05 2810039    /home/jnwang/RuleAssist/code/RuleAssist/simmetrics.jar
b510f000-b5116000 r--s 00000000 08:01 518117     /usr/lib/gconv/gconv-modules.cache
b5116000-b5119000 ---p b5116000 00:00 0 
b5119000-b5167000 rwxp b5119000 00:00 0 
b5167000-b516a000 ---p b5167000 00:00 0 
b516a000-b51b8000 rwxp b516a000 00:00 0 
b51b8000-b51b9000 ---p b51b8000 00:00 0 
b51b9000-b5240000 rwxp b51b9000 00:00 0 
b5240000-b525a000 rwxp b5240000 00:00 0 
b525a000-b525d000 rwxp b525a000 00:00 0 
b525d000-b5296000 rwxp b525d000 00:00 0 
b5296000-b5297000 rwxp b5296000 00:00 0 
b5297000-b529a000 rwxp b5297000 00:00 0 
b529a000-b529d000 rwxp b529a000 00:00 0 
b529d000-b52d6000 rwxp b529d000 00:00 0 
b52d6000-b52dc000 rwxp b52d6000 00:00 0 
b52dc000-b52f6000 rwxp b52dc000 00:00 0 
b52f6000-b5303000 rwxp b52f6000 00:00 0 
b5303000-b5381000 rwxp b5303000 00:00 0 
b5381000-b5401000 rwxp b5381000 00:00 0 
b5401000-b7381000 rwxp b5401000 00:00 0 
b7381000-b7390000 r-xp 00000000 08:01 852552     /usr/lib/jvm/java-6-sun-1.6.0.14/jre/lib/i386/libzip.so
b7390000-b7392000 rw-p 0000e000 08:01 852552     /usr/lib/jvm/java-6-sun-1.6.0.14/jre/lib/i386/libzip.so
b7392000-b739a000 rw-s 00000000 08:01 1581073    /tmp/hsperfdata_jnwang/13341
b739a000-b73a3000 r-xp 00000000 08:01 565413     /lib/tls/i686/cmov/libnss_files-2.7.so
b73a3000-b73a5000 rw-p 00008000 08:01 565413     /lib/tls/i686/cmov/libnss_files-2.7.so
b73a5000-b73ad000 r-xp 00000000 08:01 565415     /lib/tls/i686/cmov/libnss_nis-2.7.so
b73ad000-b73af000 rw-p 00007000 08:01 565415     /lib/tls/i686/cmov/libnss_nis-2.7.so
b73af000-b73b6000 r-xp 00000000 08:01 565410     /lib/tls/i686/cmov/libnss_compat-2.7.so
b73b6000-b73b8000 rw-p 00006000 08:01 565410     /lib/tls/i686/cmov/libnss_compat-2.7.so
b73b8000-b73bf000 rwxp b73b8000 00:00 0 
b73bf000-b73c5000 r-xp 00000000 08:01 852537     /usr/lib/jvm/java-6-sun-1.6.0.14/jre/lib/i386/native_threads/libhpi.so
b73c5000-b73c6000 rw-p 00006000 08:01 852537     /usr/lib/jvm/java-6-sun-1.6.0.14/jre/lib/i386/native_threads/libhpi.so
b73c6000-b73da000 r-xp 00000000 08:01 565409     /lib/tls/i686/cmov/libnsl-2.7.so
b73da000-b73dc000 rw-p 00013000 08:01 565409     /lib/tls/i686/cmov/libnsl-2.7.so
b73dc000-b73de000 rw-p b73dc000 00:00 0 
b73de000-b7401000 r-xp 00000000 08:01 852549     /usr/lib/jvm/java-6-sun-1.6.0.14/jre/lib/i386/libjava.so
b7401000-b7403000 rw-p 00023000 08:01 852549     /usr/lib/jvm/java-6-sun-1.6.0.14/jre/lib/i386/libjava.so
b7403000-b740e000 r-xp 00000000 08:01 852548     /usr/lib/jvm/java-6-sun-1.6.0.14/jre/lib/i386/libverify.so
b740e000-b740f000 rw-p 0000b000 08:01 852548     /usr/lib/jvm/java-6-sun-1.6.0.14/jre/lib/i386/libverify.so
b740f000-b7416000 r-xp 00000000 08:01 565421     /lib/tls/i686/cmov/librt-2.7.so
b7416000-b7418000 rw-p 00006000 08:01 565421     /lib/tls/i686/cmov/librt-2.7.so
b7418000-b741a000 rw-p b7418000 00:00 0 
b741a000-b741c000 r-xp 00000000 08:01 565405     /lib/tls/i686/cmov/libdl-2.7.so
b741c000-b741e000 rw-p 00001000 08:01 565405     /lib/tls/i686/cmov/libdl-2.7.so
b741e000-b7432000 r-xp 00000000 08:01 565418     /lib/tls/i686/cmov/libpthread-2.7.so
b7432000-b7434000 rw-p 00013000 08:01 565418     /lib/tls/i686/cmov/libpthread-2.7.so
b7434000-b7436000 rw-p b7434000 00:00 0 
b7436000-b757f000 r-xp 00000000 08:01 565402     /lib/tls/i686/cmov/libc-2.7.so
b757f000-b7580000 r--p 00149000 08:01 565402     /lib/tls/i686/cmov/libc-2.7.so
b7580000-b7582000 rw-p 0014a000 08:01 565402     /lib/tls/i686/cmov/libc-2.7.so
b7582000-b7585000 rw-p b7582000 00:00 0 
b7585000-b758f000 r-xp 00000000 08:01 565264     /lib/libgcc_s.so.1
b758f000-b7590000 rw-p 0000a000 08:01 565264     /lib/libgcc_s.so.1
b7590000-b75b3000 r-xp 00000000 08:01 565407     /lib/tls/i686/cmov/libm-2.7.so
b75b3000-b75b5000 rw-p 00023000 08:01 565407     /lib/tls/i686/cmov/libm-2.7.so
b75b5000-b75b6000 rw-p b75b5000 00:00 0 
b75b6000-b769e000 r-xp 00000000 08:01 517044     /usr/lib/libstdc++.so.6.0.9
b769e000-b76a1000 r--p 000e8000 08:01 517044     /usr/lib/libstdc++.so.6.0.9
b76a1000-b76a3000 rw-p 000eb000 08:01 517044     /usr/lib/libstdc++.so.6.0.9
b76a3000-b76a9000 rw-p b76a3000 00:00 0 
b76a9000-b76ae000 rwxp b76a9000 00:00 0 
b76ae000-b76af000 rw-p b76ae000 00:00 0 
b76af000-b76b0000 r--p b76af000 00:00 0 
b76b0000-b7b15000 r-xp 00000000 08:01 852543     /usr/lib/jvm/java-6-sun-1.6.0.14/jre/lib/i386/client/libjvm.so
b7b15000-b7b35000 rw-p 00465000 08:01 852543     /usr/lib/jvm/java-6-sun-1.6.0.14/jre/lib/i386/client/libjvm.so
b7b35000-b7f57000 rw-p b7b35000 00:00 0 
b7f57000-b7f58000 r-xp b7f57000 00:00 0          [vdso]
b7f58000-b7f72000 r-xp 00000000 08:01 565265     /lib/ld-2.7.so
b7f72000-b7f74000 rw-p 00019000 08:01 565265     /lib/ld-2.7.so
bfc02000-bfc05000 ---p bfc02000 00:00 0 
bfc05000-bfc52000 rwxp bffb3000 00:00 0          [stack]

VM Arguments:
jvm_args: -Xmx128m -Verbose:gc 
java_command: <unknown>
Launcher Type: generic

Environment Variables:
JAVA_HOME=/usr/lib/jvm/java-1.5.0-sun
CLASSPATH=/usr/lib/jvm/java-1.5.0-sun-1.5.0.16/jre/lib:/usr/lib/jvm/java-1.5.0-sun/lib:/usr/lib/jvm/java-1.5.0-sun/jre/lib
PATH=/home/jnwang/apache-ant-1.7.1/bin:/usr/local/sbin:/usr/local/bin:/usr/sbin:/usr/bin:/sbin:/bin:/usr/games:/usr/lib/jvm/java-1.5.0-sun/bin
LD_LIBRARY_PATH=:/usr/lib/jvm/java-6-sun-1.6.0.14/jre/lib/i386:/usr/lib/jvm/java-6-sun-1.6.0.14/jre/lib/i386/client
SHELL=/bin/bash

Signal Handlers:
SIGSEGV: [libjvm.so+0x3fc070], sa_mask[0]=0x7ffbfeff, sa_flags=0x10000004
SIGBUS: [libjvm.so+0x3fc070], sa_mask[0]=0x7ffbfeff, sa_flags=0x10000004
SIGFPE: [libjvm.so+0x325d30], sa_mask[0]=0x7ffbfeff, sa_flags=0x10000004
SIGPIPE: [libjvm.so+0x325d30], sa_mask[0]=0x7ffbfeff, sa_flags=0x10000004
SIGXFSZ: [libjvm.so+0x325d30], sa_mask[0]=0x7ffbfeff, sa_flags=0x10000004
SIGILL: [libjvm.so+0x325d30], sa_mask[0]=0x7ffbfeff, sa_flags=0x10000004
SIGUSR1: SIG_DFL, sa_mask[0]=0x00000000, sa_flags=0x00000000
SIGUSR2: [libjvm.so+0x328920], sa_mask[0]=0x00000000, sa_flags=0x10000004
SIGHUP: [libjvm.so+0x328650], sa_mask[0]=0x7ffbfeff, sa_flags=0x10000004
SIGINT: [libjvm.so+0x328650], sa_mask[0]=0x7ffbfeff, sa_flags=0x10000004
SIGTERM: [libjvm.so+0x328650], sa_mask[0]=0x7ffbfeff, sa_flags=0x10000004
SIGQUIT: [libjvm.so+0x328650], sa_mask[0]=0x7ffbfeff, sa_flags=0x10000004


---------------  S Y S T E M  ---------------

OS:lenny/sid

uname:Linux 2.6.24-24-server #1 SMP Wed Apr 15 16:36:01 UTC 2009 i686
libc:glibc 2.7 NPTL 2.7 
rlimit: STACK 8192k, CORE 0k, NPROC 71680, NOFILE 1024, AS infinity
load average:0.00 0.02 0.04

CPU:total 8 (4 cores per cpu, 1 threads per core) family 6 model 23 stepping 6, cmov, cx8, fxsr, mmx, sse, sse2, sse3, ssse3, sse4.1

Memory: 4k page, physical 8306696k(2298168k free), swap 9213236k(9175384k free)

vm_info: Java HotSpot(TM) Client VM (14.0-b16) for linux-x86 JRE (1.6.0_14-b08), built on May 21 2009 02:01:47 by "java_re" with gcc 3.2.1-7a (J2SE release)

time: Tue Jul  6 15:56:22 2010
elapsed time: 0 seconds

