#
# A fatal error has been detected by the Java Runtime Environment:
#
#  SIGSEGV (0xb) at pc=0xb75d7d35, pid=13298, tid=3074053824
#
# JRE version: 6.0_14-b08
# Java VM: Java HotSpot(TM) Client VM (14.0-b16 mixed mode, sharing linux-x86 )
# Problematic frame:
# C  [libstdc++.so.6+0x94d35]  _ZNSsC1ERKSs+0x15
#
# If you would like to submit a bug report, please visit:
#   http://java.sun.com/webapps/bugreport/crash.jsp
# The crash happened outside the Java Virtual Machine in native code.
# See problematic frame for where to report the bug.
#

---------------  T H R E A D  ---------------

Current thread (0x08073000):  JavaThread "main" [_thread_in_native, id=13298, stack(0xbfe5d000,0xbfead000)]

siginfo:si_signo=SIGSEGV: si_errno=0, si_code=1 (SEGV_MAPERR), si_addr=0x0000000c

Registers:
EAX=0x0000000c, EBX=0xb762eff4, ECX=0x00000006, EDX=0x00000018
ESP=0xbfeac270, EBP=0xbfeac298, ESI=0xbfeac314, EDI=0xb4f29720
EIP=0xb75d7d35, CR2=0x0000000c, EFLAGS=0x00010292

Top of Stack: (sp=0xbfeac270)
0xbfeac270:   bfeac2f8 bfeac2f8 bfeac298 08066fcd
0xbfeac280:   b4f28398 b4f80860 b4f2bc44 bfeac4cc
0xbfeac290:   bfeac518 b4f28548 bfeac328 08052b6e
0xbfeac2a0:   bfeac314 0000000c bfeac328 0804b7ce
0xbfeac2b0:   b4f284e0 00000004 00000006 000000e0
0xbfeac2c0:   00000018 bfeac3e4 bfeac3f4 00000004
0xbfeac2d0:   b4f2bc9c 00000004 b4f283d0 b4f2bc9c
0xbfeac2e0:   00000004 b4f283d0 00000000 b4f28540 

Instructions: (pc=0xb75d7d35)
0xb75d7d25:   ec 24 8b 45 0c e8 c8 dd fa ff 81 c3 c5 72 05 00
0xb75d7d35:   8b 10 83 ea 0c 8b 42 08 85 c0 78 16 3b 93 34 fd 

Stack: [0xbfe5d000,0xbfead000],  sp=0xbfeac270,  free space=316k
Native frames: (J=compiled Java code, j=interpreted, Vv=VM code, C=native code)
C  [libstdc++.so.6+0x94d35]  _ZNSsC1ERKSs+0x15
C  [TestAccuracy+0xab6e]
C  [TestAccuracy+0x1eaf]  __gxx_personality_v0+0x3b3
C  [TestAccuracy+0x288b]
C  [libc.so.6+0x16450]  __libc_start_main+0xe0


---------------  P R O C E S S  ---------------

Java Threads: ( => current thread )
  0xb4f11800 JavaThread "Low Memory Detector" daemon [_thread_blocked, id=13304, stack(0xb4c47000,0xb4c98000)]
  0xb4f0f800 JavaThread "CompilerThread0" daemon [_thread_blocked, id=13303, stack(0xb4c98000,0xb4d19000)]
  0xb4f0e000 JavaThread "Signal Dispatcher" daemon [_thread_blocked, id=13302, stack(0xb4d19000,0xb4d6a000)]
  0x0809a800 JavaThread "Finalizer" daemon [_thread_blocked, id=13301, stack(0xb50a3000,0xb50f4000)]
  0x08099000 JavaThread "Reference Handler" daemon [_thread_blocked, id=13300, stack(0xb50f4000,0xb5145000)]
=>0x08073000 JavaThread "main" [_thread_in_native, id=13298, stack(0xbfe5d000,0xbfead000)]

Other Threads:
  0x08097400 VMThread [stack: 0xb5145000,0xb51c6000] [id=13299]
  0xb4f13800 WatcherThread [stack: 0xb4bc6000,0xb4c47000] [id=13305]

VM state:not at safepoint (normal execution)

VM Mutex/Monitor currently owned by a thread: None

Heap
 def new generation   total 960K, used 306K [0x877b0000, 0x878b0000, 0x88180000)
  eden space 896K,  34% used [0x877b0000, 0x877fc8d0, 0x87890000)
  from space 64K,   0% used [0x87890000, 0x87890000, 0x878a0000)
  to   space 64K,   0% used [0x878a0000, 0x878a0000, 0x878b0000)
 tenured generation   total 4096K, used 0K [0x88180000, 0x88580000, 0x8f7b0000)
   the space 4096K,   0% used [0x88180000, 0x88180000, 0x88180200, 0x88580000)
 compacting perm gen  total 12288K, used 43K [0x8f7b0000, 0x903b0000, 0x937b0000)
   the space 12288K,   0% used [0x8f7b0000, 0x8f7badc0, 0x8f7bae00, 0x903b0000)
    ro space 8192K,  74% used [0x937b0000, 0x93da9cc8, 0x93da9e00, 0x93fb0000)
    rw space 12288K,  59% used [0x93fb0000, 0x946c7540, 0x946c7600, 0x94bb0000)

Dynamic libraries:
08048000-0806d000 r-xp 00000000 08:05 2809941    /home/jnwang/RuleAssist/code/RuleAssist/TestAccuracy
0806d000-0806e000 rw-p 00024000 08:05 2809941    /home/jnwang/RuleAssist/code/RuleAssist/TestAccuracy
0806e000-08102000 rw-p 0806e000 00:00 0          [heap]
877b0000-878b0000 rwxp 877b0000 00:00 0 
878b0000-88180000 rwxp 878b0000 00:00 0 
88180000-88580000 rwxp 88180000 00:00 0 
88580000-8f7b0000 rwxp 88580000 00:00 0 
8f7b0000-903b0000 rwxp 8f7b0000 00:00 0 
903b0000-937b0000 rwxp 903b0000 00:00 0 
937b0000-93daa000 r--s 00001000 08:01 860674     /usr/lib/jvm/java-6-sun-1.6.0.14/jre/lib/i386/client/classes.jsa
93daa000-93fb0000 rwxp 93daa000 00:00 0 
93fb0000-946c8000 rw-p 005fb000 08:01 860674     /usr/lib/jvm/java-6-sun-1.6.0.14/jre/lib/i386/client/classes.jsa
946c8000-94bb0000 rwxp 946c8000 00:00 0 
94bb0000-94c8e000 rw-p 00d13000 08:01 860674     /usr/lib/jvm/java-6-sun-1.6.0.14/jre/lib/i386/client/classes.jsa
94c8e000-94fb0000 rwxp 94c8e000 00:00 0 
94fb0000-94fb8000 r-xs 00df1000 08:01 860674     /usr/lib/jvm/java-6-sun-1.6.0.14/jre/lib/i386/client/classes.jsa
94fb8000-953b0000 rwxp 94fb8000 00:00 0 
b4bc6000-b4bc7000 ---p b4bc6000 00:00 0 
b4bc7000-b4c47000 rwxp b4bc7000 00:00 0 
b4c47000-b4c4a000 ---p b4c47000 00:00 0 
b4c4a000-b4c98000 rwxp b4c4a000 00:00 0 
b4c98000-b4c9b000 ---p b4c98000 00:00 0 
b4c9b000-b4d19000 rwxp b4c9b000 00:00 0 
b4d19000-b4d1c000 ---p b4d19000 00:00 0 
b4d1c000-b4d6a000 rwxp b4d1c000 00:00 0 
b4d6a000-b4f00000 r--s 02fb1000 08:01 674101     /usr/lib/jvm/java-6-sun-1.6.0.14/jre/lib/rt.jar
b4f00000-b4f81000 rw-p b4f00000 00:00 0 
b4f81000-b5000000 ---p b4f81000 00:00 0 
b5026000-b502a000 r--s 0001d000 08:05 2810039    /home/jnwang/RuleAssist/code/RuleAssist/simmetrics.jar
b502a000-b505d000 rw-p b502a000 00:00 0 
b505d000-b5064000 r--s 00000000 08:01 518117     /usr/lib/gconv/gconv-modules.cache
b5064000-b50a3000 r--p 00000000 08:01 540674     /usr/lib/locale/en_US.utf8/LC_CTYPE
b50a3000-b50a6000 ---p b50a3000 00:00 0 
b50a6000-b50f4000 rwxp b50a6000 00:00 0 
b50f4000-b50f7000 ---p b50f4000 00:00 0 
b50f7000-b5145000 rwxp b50f7000 00:00 0 
b5145000-b5146000 ---p b5145000 00:00 0 
b5146000-b51cd000 rwxp b5146000 00:00 0 
b51cd000-b51e7000 rwxp b51cd000 00:00 0 
b51e7000-b51ea000 rwxp b51e7000 00:00 0 
b51ea000-b5223000 rwxp b51ea000 00:00 0 
b5223000-b5224000 rwxp b5223000 00:00 0 
b5224000-b5227000 rwxp b5224000 00:00 0 
b5227000-b522a000 rwxp b5227000 00:00 0 
b522a000-b5263000 rwxp b522a000 00:00 0 
b5263000-b5269000 rwxp b5263000 00:00 0 
b5269000-b5283000 rwxp b5269000 00:00 0 
b5283000-b5290000 rwxp b5283000 00:00 0 
b5290000-b530e000 rwxp b5290000 00:00 0 
b530e000-b538e000 rwxp b530e000 00:00 0 
b538e000-b730e000 rwxp b538e000 00:00 0 
b730e000-b731d000 r-xp 00000000 08:01 852552     /usr/lib/jvm/java-6-sun-1.6.0.14/jre/lib/i386/libzip.so
b731d000-b731f000 rw-p 0000e000 08:01 852552     /usr/lib/jvm/java-6-sun-1.6.0.14/jre/lib/i386/libzip.so
b731f000-b7327000 rw-s 00000000 08:01 1581073    /tmp/hsperfdata_jnwang/13298
b7327000-b7330000 r-xp 00000000 08:01 565413     /lib/tls/i686/cmov/libnss_files-2.7.so
b7330000-b7332000 rw-p 00008000 08:01 565413     /lib/tls/i686/cmov/libnss_files-2.7.so
b7332000-b733a000 r-xp 00000000 08:01 565415     /lib/tls/i686/cmov/libnss_nis-2.7.so
b733a000-b733c000 rw-p 00007000 08:01 565415     /lib/tls/i686/cmov/libnss_nis-2.7.so
b733c000-b7343000 r-xp 00000000 08:01 565410     /lib/tls/i686/cmov/libnss_compat-2.7.so
b7343000-b7345000 rw-p 00006000 08:01 565410     /lib/tls/i686/cmov/libnss_compat-2.7.so
b7345000-b734c000 rwxp b7345000 00:00 0 
b734c000-b7352000 r-xp 00000000 08:01 852537     /usr/lib/jvm/java-6-sun-1.6.0.14/jre/lib/i386/native_threads/libhpi.so
b7352000-b7353000 rw-p 00006000 08:01 852537     /usr/lib/jvm/java-6-sun-1.6.0.14/jre/lib/i386/native_threads/libhpi.so
b7353000-b7367000 r-xp 00000000 08:01 565409     /lib/tls/i686/cmov/libnsl-2.7.so
b7367000-b7369000 rw-p 00013000 08:01 565409     /lib/tls/i686/cmov/libnsl-2.7.so
b7369000-b736b000 rw-p b7369000 00:00 0 
b736b000-b738e000 r-xp 00000000 08:01 852549     /usr/lib/jvm/java-6-sun-1.6.0.14/jre/lib/i386/libjava.so
b738e000-b7390000 rw-p 00023000 08:01 852549     /usr/lib/jvm/java-6-sun-1.6.0.14/jre/lib/i386/libjava.so
b7390000-b739b000 r-xp 00000000 08:01 852548     /usr/lib/jvm/java-6-sun-1.6.0.14/jre/lib/i386/libverify.so
b739b000-b739c000 rw-p 0000b000 08:01 852548     /usr/lib/jvm/java-6-sun-1.6.0.14/jre/lib/i386/libverify.so
b739c000-b73a3000 r-xp 00000000 08:01 565421     /lib/tls/i686/cmov/librt-2.7.so
b73a3000-b73a5000 rw-p 00006000 08:01 565421     /lib/tls/i686/cmov/librt-2.7.so
b73a5000-b73a7000 rw-p b73a5000 00:00 0 
b73a7000-b73a9000 r-xp 00000000 08:01 565405     /lib/tls/i686/cmov/libdl-2.7.so
b73a9000-b73ab000 rw-p 00001000 08:01 565405     /lib/tls/i686/cmov/libdl-2.7.so
b73ab000-b73bf000 r-xp 00000000 08:01 565418     /lib/tls/i686/cmov/libpthread-2.7.so
b73bf000-b73c1000 rw-p 00013000 08:01 565418     /lib/tls/i686/cmov/libpthread-2.7.so
b73c1000-b73c3000 rw-p b73c1000 00:00 0 
b73c3000-b750c000 r-xp 00000000 08:01 565402     /lib/tls/i686/cmov/libc-2.7.so
b750c000-b750d000 r--p 00149000 08:01 565402     /lib/tls/i686/cmov/libc-2.7.so
b750d000-b750f000 rw-p 0014a000 08:01 565402     /lib/tls/i686/cmov/libc-2.7.so
b750f000-b7512000 rw-p b750f000 00:00 0 
b7512000-b751c000 r-xp 00000000 08:01 565264     /lib/libgcc_s.so.1
b751c000-b751d000 rw-p 0000a000 08:01 565264     /lib/libgcc_s.so.1
b751d000-b7540000 r-xp 00000000 08:01 565407     /lib/tls/i686/cmov/libm-2.7.so
b7540000-b7542000 rw-p 00023000 08:01 565407     /lib/tls/i686/cmov/libm-2.7.so
b7542000-b7543000 rw-p b7542000 00:00 0 
b7543000-b762b000 r-xp 00000000 08:01 517044     /usr/lib/libstdc++.so.6.0.9
b762b000-b762e000 r--p 000e8000 08:01 517044     /usr/lib/libstdc++.so.6.0.9
b762e000-b7630000 rw-p 000eb000 08:01 517044     /usr/lib/libstdc++.so.6.0.9
b7630000-b7636000 rw-p b7630000 00:00 0 
b7636000-b763b000 rwxp b7636000 00:00 0 
b763b000-b763c000 rw-p b763b000 00:00 0 
b763c000-b763d000 r--p b763c000 00:00 0 
b763d000-b7aa2000 r-xp 00000000 08:01 852543     /usr/lib/jvm/java-6-sun-1.6.0.14/jre/lib/i386/client/libjvm.so
b7aa2000-b7ac2000 rw-p 00465000 08:01 852543     /usr/lib/jvm/java-6-sun-1.6.0.14/jre/lib/i386/client/libjvm.so
b7ac2000-b7ee4000 rw-p b7ac2000 00:00 0 
b7ee4000-b7ee5000 r-xp b7ee4000 00:00 0          [vdso]
b7ee5000-b7eff000 r-xp 00000000 08:01 565265     /lib/ld-2.7.so
b7eff000-b7f01000 rw-p 00019000 08:01 565265     /lib/ld-2.7.so
bfe5d000-bfe60000 ---p bfe5d000 00:00 0 
bfe60000-bfead000 rwxp bffb2000 00:00 0          [stack]
bfead000-bfeae000 rw-p bffff000 00:00 0 

VM Arguments:
jvm_args: -Xmx128m -Verbose:gc 
java_command: <unknown>
Launcher Type: generic

Environment Variables:
JAVA_HOME=/usr/lib/jvm/java-1.5.0-sun
CLASSPATH=/usr/lib/jvm/java-1.5.0-sun-1.5.0.16/jre/lib:/usr/lib/jvm/java-1.5.0-sun/lib:/usr/lib/jvm/java-1.5.0-sun/jre/lib
PATH=/home/jnwang/apache-ant-1.7.1/bin:/usr/local/sbin:/usr/local/bin:/usr/sbin:/usr/bin:/sbin:/bin:/usr/games:/usr/lib/jvm/java-1.5.0-sun/bin
LD_LIBRARY_PATH=:/usr/lib/jvm/java-6-sun-1.6.0.14/jre/lib/i386:/usr/lib/jvm/java-6-sun-1.6.0.14/jre/lib/i386/client
SHELL=/bin/bash

Signal Handlers:
SIGSEGV: [libjvm.so+0x3fc070], sa_mask[0]=0x7ffbfeff, sa_flags=0x10000004
SIGBUS: [libjvm.so+0x3fc070], sa_mask[0]=0x7ffbfeff, sa_flags=0x10000004
SIGFPE: [libjvm.so+0x325d30], sa_mask[0]=0x7ffbfeff, sa_flags=0x10000004
SIGPIPE: [libjvm.so+0x325d30], sa_mask[0]=0x7ffbfeff, sa_flags=0x10000004
SIGXFSZ: [libjvm.so+0x325d30], sa_mask[0]=0x7ffbfeff, sa_flags=0x10000004
SIGILL: [libjvm.so+0x325d30], sa_mask[0]=0x7ffbfeff, sa_flags=0x10000004
SIGUSR1: SIG_DFL, sa_mask[0]=0x00000000, sa_flags=0x00000000
SIGUSR2: [libjvm.so+0x328920], sa_mask[0]=0x00000000, sa_flags=0x10000004
SIGHUP: [libjvm.so+0x328650], sa_mask[0]=0x7ffbfeff, sa_flags=0x10000004
SIGINT: [libjvm.so+0x328650], sa_mask[0]=0x7ffbfeff, sa_flags=0x10000004
SIGTERM: [libjvm.so+0x328650], sa_mask[0]=0x7ffbfeff, sa_flags=0x10000004
SIGQUIT: [libjvm.so+0x328650], sa_mask[0]=0x7ffbfeff, sa_flags=0x10000004


---------------  S Y S T E M  ---------------

OS:lenny/sid

uname:Linux 2.6.24-24-server #1 SMP Wed Apr 15 16:36:01 UTC 2009 i686
libc:glibc 2.7 NPTL 2.7 
rlimit: STACK 8192k, CORE 0k, NPROC 71680, NOFILE 1024, AS infinity
load average:0.00 0.03 0.05

CPU:total 8 (4 cores per cpu, 1 threads per core) family 6 model 23 stepping 6, cmov, cx8, fxsr, mmx, sse, sse2, sse3, ssse3, sse4.1

Memory: 4k page, physical 8306696k(2298796k free), swap 9213236k(9175384k free)

vm_info: Java HotSpot(TM) Client VM (14.0-b16) for linux-x86 JRE (1.6.0_14-b08), built on May 21 2009 02:01:47 by "java_re" with gcc 3.2.1-7a (J2SE release)

time: Tue Jul  6 15:54:27 2010
elapsed time: 0 seconds

