#
# A fatal error has been detected by the Java Runtime Environment:
#
#  SIGSEGV (0xb) at pc=0xb767bd35, pid=19701, tid=3074725568
#
# JRE version: 6.0_14-b08
# Java VM: Java HotSpot(TM) Client VM (14.0-b16 mixed mode, sharing linux-x86 )
# Problematic frame:
# C  [libstdc++.so.6+0x94d35]  _ZNSsC1ERKSs+0x15
#
# If you would like to submit a bug report, please visit:
#   http://java.sun.com/webapps/bugreport/crash.jsp
# The crash happened outside the Java Virtual Machine in native code.
# See problematic frame for where to report the bug.
#

---------------  T H R E A D  ---------------

Current thread (0x08073000):  JavaThread "main" [_thread_in_native, id=19701, stack(0xbfab8000,0xbfb08000)]

siginfo:si_signo=SIGSEGV: si_errno=0, si_code=1 (SEGV_MAPERR), si_addr=0x0000000c

Registers:
EAX=0x0000000c, EBX=0xb76d2ff4, ECX=0x00000000, EDX=0x00000000
ESP=0xbfb076d0, EBP=0xbfb076f8, ESI=0xbfb07774, EDI=0x00000000
EIP=0xb767bd35, CR2=0x0000000c, EFLAGS=0x00010292

Top of Stack: (sp=0xbfb076d0)
0xbfb076d0:   bfb07758 bfb07758 bfb076f8 08066fbd
0xbfb076e0:   b501ea18 b49eb0a8 b501f34c bfb07890
0xbfb076f0:   bfb0780c b501c350 bfb07788 08052b0e
0xbfb07700:   bfb07774 0000000c bfb07788 0804b83e
0xbfb07710:   b501ef78 00000009 00000000 00000078
0xbfb07720:   00000000 00000000 00000000 00000000
0xbfb07730:   b501f050 00000000 00000000 000000d8
0xbfb07740:   00000000 00000000 00000000 00000000 

Instructions: (pc=0xb767bd35)
0xb767bd25:   ec 24 8b 45 0c e8 c8 dd fa ff 81 c3 c5 72 05 00
0xb767bd35:   8b 10 83 ea 0c 8b 42 08 85 c0 78 16 3b 93 34 fd 

Stack: [0xbfab8000,0xbfb08000],  sp=0xbfb076d0,  free space=317k
Native frames: (J=compiled Java code, j=interpreted, Vv=VM code, C=native code)
C  [libstdc++.so.6+0x94d35]  _ZNSsC1ERKSs+0x15
C  [TestAccuracy+0xab0e]
C  [TestAccuracy+0x1ebb]  __gxx_personality_v0+0x37f
C  [TestAccuracy+0x2905]
C  [libc.so.6+0x16450]  __libc_start_main+0xe0


---------------  P R O C E S S  ---------------

Java Threads: ( => current thread )
  0xb5005800 JavaThread "Low Memory Detector" daemon [_thread_blocked, id=19707, stack(0xb4cf6000,0xb4d47000)]
  0xb5003800 JavaThread "CompilerThread0" daemon [_thread_blocked, id=19706, stack(0xb4d47000,0xb4dc8000)]
  0x080a8800 JavaThread "Signal Dispatcher" daemon [_thread_blocked, id=19705, stack(0xb4dc8000,0xb4e19000)]
  0x0809a800 JavaThread "Finalizer" daemon [_thread_blocked, id=19704, stack(0xb4faf000,0xb5000000)]
  0x08099000 JavaThread "Reference Handler" daemon [_thread_blocked, id=19703, stack(0xb5198000,0xb51e9000)]
=>0x08073000 JavaThread "main" [_thread_in_native, id=19701, stack(0xbfab8000,0xbfb08000)]

Other Threads:
  0x08097400 VMThread [stack: 0xb51e9000,0xb526a000] [id=19702]
  0xb5007800 WatcherThread [stack: 0xb4c75000,0xb4cf6000] [id=19708]

VM state:not at safepoint (normal execution)

VM Mutex/Monitor currently owned by a thread: None

Heap
 def new generation   total 960K, used 307K [0x877b0000, 0x878b0000, 0x88180000)
  eden space 896K,  34% used [0x877b0000, 0x877fcd00, 0x87890000)
  from space 64K,   0% used [0x87890000, 0x87890000, 0x878a0000)
  to   space 64K,   0% used [0x878a0000, 0x878a0000, 0x878b0000)
 tenured generation   total 4096K, used 0K [0x88180000, 0x88580000, 0x8f7b0000)
   the space 4096K,   0% used [0x88180000, 0x88180000, 0x88180200, 0x88580000)
 compacting perm gen  total 12288K, used 43K [0x8f7b0000, 0x903b0000, 0x937b0000)
   the space 12288K,   0% used [0x8f7b0000, 0x8f7badc0, 0x8f7bae00, 0x903b0000)
    ro space 8192K,  74% used [0x937b0000, 0x93da9cc8, 0x93da9e00, 0x93fb0000)
    rw space 12288K,  59% used [0x93fb0000, 0x946c7540, 0x946c7600, 0x94bb0000)

Dynamic libraries:
08048000-0806d000 r-xp 00000000 08:05 2809926    /home/jnwang/RuleAssist/code/RuleAssist/backup/TestAccuracy
0806d000-0806e000 rw-p 00025000 08:05 2809926    /home/jnwang/RuleAssist/code/RuleAssist/backup/TestAccuracy
0806e000-08106000 rw-p 0806e000 00:00 0          [heap]
877b0000-878b0000 rwxp 877b0000 00:00 0 
878b0000-88180000 rwxp 878b0000 00:00 0 
88180000-88580000 rwxp 88180000 00:00 0 
88580000-8f7b0000 rwxp 88580000 00:00 0 
8f7b0000-903b0000 rwxp 8f7b0000 00:00 0 
903b0000-937b0000 rwxp 903b0000 00:00 0 
937b0000-93daa000 r--s 00001000 08:01 860674     /usr/lib/jvm/java-6-sun-1.6.0.14/jre/lib/i386/client/classes.jsa
93daa000-93fb0000 rwxp 93daa000 00:00 0 
93fb0000-946c8000 rw-p 005fb000 08:01 860674     /usr/lib/jvm/java-6-sun-1.6.0.14/jre/lib/i386/client/classes.jsa
946c8000-94bb0000 rwxp 946c8000 00:00 0 
94bb0000-94c8e000 rw-p 00d13000 08:01 860674     /usr/lib/jvm/java-6-sun-1.6.0.14/jre/lib/i386/client/classes.jsa
94c8e000-94fb0000 rwxp 94c8e000 00:00 0 
94fb0000-94fb8000 r-xs 00df1000 08:01 860674     /usr/lib/jvm/java-6-sun-1.6.0.14/jre/lib/i386/client/classes.jsa
94fb8000-953b0000 rwxp 94fb8000 00:00 0 
b4900000-b49ec000 rw-p b4900000 00:00 0 
b49ec000-b4a00000 ---p b49ec000 00:00 0 
b4b00000-b4c00000 rw-p b4b00000 00:00 0 
b4c3c000-b4c75000 rw-p b4c3c000 00:00 0 
b4c75000-b4c76000 ---p b4c75000 00:00 0 
b4c76000-b4cf6000 rwxp b4c76000 00:00 0 
b4cf6000-b4cf9000 ---p b4cf6000 00:00 0 
b4cf9000-b4d47000 rwxp b4cf9000 00:00 0 
b4d47000-b4d4a000 ---p b4d47000 00:00 0 
b4d4a000-b4dc8000 rwxp b4d4a000 00:00 0 
b4dc8000-b4dcb000 ---p b4dc8000 00:00 0 
b4dcb000-b4e19000 rwxp b4dcb000 00:00 0 
b4e19000-b4faf000 r--s 02fb1000 08:01 674101     /usr/lib/jvm/java-6-sun-1.6.0.14/jre/lib/rt.jar
b4faf000-b4fb2000 ---p b4faf000 00:00 0 
b4fb2000-b5000000 rwxp b4fb2000 00:00 0 
b5000000-b5100000 rw-p b5000000 00:00 0 
b511b000-b511f000 r--s 0001d000 08:05 2810005    /home/jnwang/RuleAssist/code/RuleAssist/backup/simmetrics.jar
b511f000-b5152000 rw-p b511f000 00:00 0 
b5152000-b5159000 r--s 00000000 08:01 518117     /usr/lib/gconv/gconv-modules.cache
b5159000-b5198000 r--p 00000000 08:01 540674     /usr/lib/locale/en_US.utf8/LC_CTYPE
b5198000-b519b000 ---p b5198000 00:00 0 
b519b000-b51e9000 rwxp b519b000 00:00 0 
b51e9000-b51ea000 ---p b51e9000 00:00 0 
b51ea000-b5271000 rwxp b51ea000 00:00 0 
b5271000-b528b000 rwxp b5271000 00:00 0 
b528b000-b528e000 rwxp b528b000 00:00 0 
b528e000-b52c7000 rwxp b528e000 00:00 0 
b52c7000-b52c8000 rwxp b52c7000 00:00 0 
b52c8000-b52cb000 rwxp b52c8000 00:00 0 
b52cb000-b52ce000 rwxp b52cb000 00:00 0 
b52ce000-b5307000 rwxp b52ce000 00:00 0 
b5307000-b530d000 rwxp b5307000 00:00 0 
b530d000-b5327000 rwxp b530d000 00:00 0 
b5327000-b5334000 rwxp b5327000 00:00 0 
b5334000-b53b2000 rwxp b5334000 00:00 0 
b53b2000-b5432000 rwxp b53b2000 00:00 0 
b5432000-b73b2000 rwxp b5432000 00:00 0 
b73b2000-b73c1000 r-xp 00000000 08:01 852552     /usr/lib/jvm/java-6-sun-1.6.0.14/jre/lib/i386/libzip.so
b73c1000-b73c3000 rw-p 0000e000 08:01 852552     /usr/lib/jvm/java-6-sun-1.6.0.14/jre/lib/i386/libzip.so
b73c3000-b73cb000 rw-s 00000000 08:01 1581073    /tmp/hsperfdata_jnwang/19701
b73cb000-b73d4000 r-xp 00000000 08:01 565413     /lib/tls/i686/cmov/libnss_files-2.7.so
b73d4000-b73d6000 rw-p 00008000 08:01 565413     /lib/tls/i686/cmov/libnss_files-2.7.so
b73d6000-b73de000 r-xp 00000000 08:01 565415     /lib/tls/i686/cmov/libnss_nis-2.7.so
b73de000-b73e0000 rw-p 00007000 08:01 565415     /lib/tls/i686/cmov/libnss_nis-2.7.so
b73e0000-b73e7000 r-xp 00000000 08:01 565410     /lib/tls/i686/cmov/libnss_compat-2.7.so
b73e7000-b73e9000 rw-p 00006000 08:01 565410     /lib/tls/i686/cmov/libnss_compat-2.7.so
b73e9000-b73f0000 rwxp b73e9000 00:00 0 
b73f0000-b73f6000 r-xp 00000000 08:01 852537     /usr/lib/jvm/java-6-sun-1.6.0.14/jre/lib/i386/native_threads/libhpi.so
b73f6000-b73f7000 rw-p 00006000 08:01 852537     /usr/lib/jvm/java-6-sun-1.6.0.14/jre/lib/i386/native_threads/libhpi.so
b73f7000-b740b000 r-xp 00000000 08:01 565409     /lib/tls/i686/cmov/libnsl-2.7.so
b740b000-b740d000 rw-p 00013000 08:01 565409     /lib/tls/i686/cmov/libnsl-2.7.so
b740d000-b740f000 rw-p b740d000 00:00 0 
b740f000-b7432000 r-xp 00000000 08:01 852549     /usr/lib/jvm/java-6-sun-1.6.0.14/jre/lib/i386/libjava.so
b7432000-b7434000 rw-p 00023000 08:01 852549     /usr/lib/jvm/java-6-sun-1.6.0.14/jre/lib/i386/libjava.so
b7434000-b743f000 r-xp 00000000 08:01 852548     /usr/lib/jvm/java-6-sun-1.6.0.14/jre/lib/i386/libverify.so
b743f000-b7440000 rw-p 0000b000 08:01 852548     /usr/lib/jvm/java-6-sun-1.6.0.14/jre/lib/i386/libverify.so
b7440000-b7447000 r-xp 00000000 08:01 565421     /lib/tls/i686/cmov/librt-2.7.so
b7447000-b7449000 rw-p 00006000 08:01 565421     /lib/tls/i686/cmov/librt-2.7.so
b7449000-b744b000 rw-p b7449000 00:00 0 
b744b000-b744d000 r-xp 00000000 08:01 565405     /lib/tls/i686/cmov/libdl-2.7.so
b744d000-b744f000 rw-p 00001000 08:01 565405     /lib/tls/i686/cmov/libdl-2.7.so
b744f000-b7463000 r-xp 00000000 08:01 565418     /lib/tls/i686/cmov/libpthread-2.7.so
b7463000-b7465000 rw-p 00013000 08:01 565418     /lib/tls/i686/cmov/libpthread-2.7.so
b7465000-b7467000 rw-p b7465000 00:00 0 
b7467000-b75b0000 r-xp 00000000 08:01 565402     /lib/tls/i686/cmov/libc-2.7.so
b75b0000-b75b1000 r--p 00149000 08:01 565402     /lib/tls/i686/cmov/libc-2.7.so
b75b1000-b75b3000 rw-p 0014a000 08:01 565402     /lib/tls/i686/cmov/libc-2.7.so
b75b3000-b75b6000 rw-p b75b3000 00:00 0 
b75b6000-b75c0000 r-xp 00000000 08:01 565264     /lib/libgcc_s.so.1
b75c0000-b75c1000 rw-p 0000a000 08:01 565264     /lib/libgcc_s.so.1
b75c1000-b75e4000 r-xp 00000000 08:01 565407     /lib/tls/i686/cmov/libm-2.7.so
b75e4000-b75e6000 rw-p 00023000 08:01 565407     /lib/tls/i686/cmov/libm-2.7.so
b75e6000-b75e7000 rw-p b75e6000 00:00 0 
b75e7000-b76cf000 r-xp 00000000 08:01 517044     /usr/lib/libstdc++.so.6.0.9
b76cf000-b76d2000 r--p 000e8000 08:01 517044     /usr/lib/libstdc++.so.6.0.9
b76d2000-b76d4000 rw-p 000eb000 08:01 517044     /usr/lib/libstdc++.so.6.0.9
b76d4000-b76da000 rw-p b76d4000 00:00 0 
b76da000-b76df000 rwxp b76da000 00:00 0 
b76df000-b76e0000 rw-p b76df000 00:00 0 
b76e0000-b76e1000 r--p b76e0000 00:00 0 
b76e1000-b7b46000 r-xp 00000000 08:01 852543     /usr/lib/jvm/java-6-sun-1.6.0.14/jre/lib/i386/client/libjvm.so
b7b46000-b7b66000 rw-p 00465000 08:01 852543     /usr/lib/jvm/java-6-sun-1.6.0.14/jre/lib/i386/client/libjvm.so
b7b66000-b7f88000 rw-p b7b66000 00:00 0 
b7f88000-b7f89000 r-xp b7f88000 00:00 0          [vdso]
b7f89000-b7fa3000 r-xp 00000000 08:01 565265     /lib/ld-2.7.so
b7fa3000-b7fa5000 rw-p 00019000 08:01 565265     /lib/ld-2.7.so
bfab8000-bfabb000 ---p bfab8000 00:00 0 
bfabb000-bfb08000 rwxp bffb1000 00:00 0          [stack]
bfb08000-bfb0a000 rw-p bfffe000 00:00 0 

VM Arguments:
jvm_args: -Xmx128m -Verbose:gc 
java_command: <unknown>
Launcher Type: generic

Environment Variables:
JAVA_HOME=/usr/lib/jvm/java-1.5.0-sun
CLASSPATH=/usr/lib/jvm/java-1.5.0-sun-1.5.0.16/jre/lib:/usr/lib/jvm/java-1.5.0-sun/lib:/usr/lib/jvm/java-1.5.0-sun/jre/lib
PATH=/home/jnwang/apache-ant-1.7.1/bin:/usr/local/sbin:/usr/local/bin:/usr/sbin:/usr/bin:/sbin:/bin:/usr/games:/usr/lib/jvm/java-1.5.0-sun/bin
LD_LIBRARY_PATH=:/usr/lib/jvm/java-6-sun-1.6.0.14/jre/lib/i386:/usr/lib/jvm/java-6-sun-1.6.0.14/jre/lib/i386/client
SHELL=/bin/bash

Signal Handlers:
SIGSEGV: [libjvm.so+0x3fc070], sa_mask[0]=0x7ffbfeff, sa_flags=0x10000004
SIGBUS: [libjvm.so+0x3fc070], sa_mask[0]=0x7ffbfeff, sa_flags=0x10000004
SIGFPE: [libjvm.so+0x325d30], sa_mask[0]=0x7ffbfeff, sa_flags=0x10000004
SIGPIPE: [libjvm.so+0x325d30], sa_mask[0]=0x7ffbfeff, sa_flags=0x10000004
SIGXFSZ: [libjvm.so+0x325d30], sa_mask[0]=0x7ffbfeff, sa_flags=0x10000004
SIGILL: [libjvm.so+0x325d30], sa_mask[0]=0x7ffbfeff, sa_flags=0x10000004
SIGUSR1: SIG_DFL, sa_mask[0]=0x00000000, sa_flags=0x00000000
SIGUSR2: [libjvm.so+0x328920], sa_mask[0]=0x00000000, sa_flags=0x10000004
SIGHUP: [libjvm.so+0x328650], sa_mask[0]=0x7ffbfeff, sa_flags=0x10000004
SIGINT: [libjvm.so+0x328650], sa_mask[0]=0x7ffbfeff, sa_flags=0x10000004
SIGTERM: [libjvm.so+0x328650], sa_mask[0]=0x7ffbfeff, sa_flags=0x10000004
SIGQUIT: [libjvm.so+0x328650], sa_mask[0]=0x7ffbfeff, sa_flags=0x10000004


---------------  S Y S T E M  ---------------

OS:lenny/sid

uname:Linux 2.6.24-24-server #1 SMP Wed Apr 15 16:36:01 UTC 2009 i686
libc:glibc 2.7 NPTL 2.7 
rlimit: STACK 8192k, CORE 0k, NPROC 71680, NOFILE 1024, AS infinity
load average:0.00 0.08 0.65

CPU:total 8 (4 cores per cpu, 1 threads per core) family 6 model 23 stepping 6, cmov, cx8, fxsr, mmx, sse, sse2, sse3, ssse3, sse4.1

Memory: 4k page, physical 8306696k(2247604k free), swap 9213236k(9175384k free)

vm_info: Java HotSpot(TM) Client VM (14.0-b16) for linux-x86 JRE (1.6.0_14-b08), built on May 21 2009 02:01:47 by "java_re" with gcc 3.2.1-7a (J2SE release)

time: Tue Jul  6 18:11:54 2010
elapsed time: 0 seconds

