#
# A fatal error has been detected by the Java Runtime Environment:
#
#  SIGSEGV (0xb) at pc=0x0804a1a6, pid=12372, tid=3074373312
#
# JRE version: 6.0_14-b08
# Java VM: Java HotSpot(TM) Client VM (14.0-b16 mixed mode, sharing linux-x86 )
# Problematic frame:
# C  [TestRedundancy+0x21a6]
#
# If you would like to submit a bug report, please visit:
#   http://java.sun.com/webapps/bugreport/crash.jsp
# The crash happened outside the Java Virtual Machine in native code.
# See problematic frame for where to report the bug.
#

---------------  T H R E A D  ---------------

Current thread (0x08073000):  JavaThread "main" [_thread_in_native, id=12372, stack(0xbfdc0000,0xbfe10000)]

siginfo:si_signo=SIGSEGV: si_errno=0, si_code=1 (SEGV_MAPERR), si_addr=0xd40f2708

Registers:
EAX=0x080f1ab0, EBX=0xb5000070, ECX=0xb4beeeb0, EDX=0xcc000c40
ESP=0xbfe0f250, EBP=0xbfe0f3c8, ESI=0x000003ea, EDI=0xbfe0f388
EIP=0x0804a1a6, CR2=0xd40f2708, EFLAGS=0x00010a93

Top of Stack: (sp=0xbfe0f250)
0xbfe0f250:   bfe0f394 b49b7370 b4bee918 bfe0f358
0xbfe0f260:   00000000 00000000 000003e8 00000001
0xbfe0f270:   000007d0 00000001 b4beeea8 080678a0
0xbfe0f280:   08048748 00000000 00000000 bfe0f284
0xbfe0f290:   bfe0f284 00000000 0000006a 0000037e
0xbfe0f2a0:   00000000 c1cdcd65 bfe0f328 bfe0f370
0xbfe0f2b0:   bfe0f2ec 080c3188 080c31e8 080c31e8
0xbfe0f2c0:   bfe0f2ec 000003e8 00000004 00000000 

Instructions: (pc=0x0804a1a6)
0x0804a196:   00 00 8b 85 24 ff ff ff 03 4d d8 8b 19 6b d3 1c
0x0804a1a6:   83 7c 02 18 01 74 c3 8b 45 c4 3b 45 c8 0f 84 f3 

Stack: [0xbfdc0000,0xbfe10000],  sp=0xbfe0f250,  free space=316k
Native frames: (J=compiled Java code, j=interpreted, Vv=VM code, C=native code)
C  [TestRedundancy+0x21a6]
C  [TestRedundancy+0x26aa]
C  [libc.so.6+0x16450]  __libc_start_main+0xe0


---------------  P R O C E S S  ---------------

Java Threads: ( => current thread )
  0x080ac000 JavaThread "Low Memory Detector" daemon [_thread_blocked, id=12378, stack(0xb4cbc000,0xb4d0d000)]
  0x080aa400 JavaThread "CompilerThread0" daemon [_thread_blocked, id=12377, stack(0xb4d0d000,0xb4d8e000)]
  0x080a8800 JavaThread "Signal Dispatcher" daemon [_thread_blocked, id=12376, stack(0xb4d8e000,0xb4ddf000)]
  0x0809a800 JavaThread "Finalizer" daemon [_thread_blocked, id=12375, stack(0xb4faf000,0xb5000000)]
  0x08099000 JavaThread "Reference Handler" daemon [_thread_blocked, id=12374, stack(0xb5142000,0xb5193000)]
=>0x08073000 JavaThread "main" [_thread_in_native, id=12372, stack(0xbfdc0000,0xbfe10000)]

Other Threads:
  0x08097400 VMThread [stack: 0xb5193000,0xb5214000] [id=12373]
  0x080ae000 WatcherThread [stack: 0xb4c3b000,0xb4cbc000] [id=12379]

VM state:not at safepoint (normal execution)

VM Mutex/Monitor currently owned by a thread: None

Heap
 def new generation   total 1600K, used 1003K [0x877b0000, 0x87960000, 0x88180000)
  eden space 1472K,  59% used [0x877b0000, 0x8788adb8, 0x87920000)
  from space 128K, 100% used [0x87920000, 0x87940000, 0x87940000)
  to   space 128K,   0% used [0x87940000, 0x87940000, 0x87960000)
 tenured generation   total 20060K, used 15192K [0x88180000, 0x89517000, 0x8f7b0000)
   the space 20060K,  75% used [0x88180000, 0x89056058, 0x89056200, 0x89517000)
 compacting perm gen  total 12288K, used 196K [0x8f7b0000, 0x903b0000, 0x937b0000)
   the space 12288K,   1% used [0x8f7b0000, 0x8f7e1040, 0x8f7e1200, 0x903b0000)
    ro space 8192K,  74% used [0x937b0000, 0x93da9cc8, 0x93da9e00, 0x93fb0000)
    rw space 12288K,  59% used [0x93fb0000, 0x946c7540, 0x946c7600, 0x94bb0000)

Dynamic libraries:
08048000-0806d000 r-xp 00000000 08:05 2809929    /home/jnwang/RuleAssist/code/RuleAssist/TestRedundancy
0806d000-0806e000 rw-p 00024000 08:05 2809929    /home/jnwang/RuleAssist/code/RuleAssist/TestRedundancy
0806e000-0817c000 rw-p 0806e000 00:00 0          [heap]
877b0000-87960000 rwxp 877b0000 00:00 0 
87960000-88180000 rwxp 87960000 00:00 0 
88180000-89517000 rwxp 88180000 00:00 0 
89517000-8f7b0000 rwxp 89517000 00:00 0 
8f7b0000-903b0000 rwxp 8f7b0000 00:00 0 
903b0000-937b0000 rwxp 903b0000 00:00 0 
937b0000-93daa000 r--s 00001000 08:01 860674     /usr/lib/jvm/java-6-sun-1.6.0.14/jre/lib/i386/client/classes.jsa
93daa000-93fb0000 rwxp 93daa000 00:00 0 
93fb0000-946c8000 rw-p 005fb000 08:01 860674     /usr/lib/jvm/java-6-sun-1.6.0.14/jre/lib/i386/client/classes.jsa
946c8000-94bb0000 rwxp 946c8000 00:00 0 
94bb0000-94c8e000 rw-p 00d13000 08:01 860674     /usr/lib/jvm/java-6-sun-1.6.0.14/jre/lib/i386/client/classes.jsa
94c8e000-94fb0000 rwxp 94c8e000 00:00 0 
94fb0000-94fb8000 r-xs 00df1000 08:01 860674     /usr/lib/jvm/java-6-sun-1.6.0.14/jre/lib/i386/client/classes.jsa
94fb8000-953b0000 rwxp 94fb8000 00:00 0 
b4900000-b49e9000 rw-p b4900000 00:00 0 
b49e9000-b4a00000 ---p b49e9000 00:00 0 
b4b00000-b4c00000 rw-p b4b00000 00:00 0 
b4c37000-b4c3b000 r--s 0001d000 08:05 2810005    /home/jnwang/RuleAssist/code/RuleAssist/simmetrics.jar
b4c3b000-b4c3c000 ---p b4c3b000 00:00 0 
b4c3c000-b4cbc000 rwxp b4c3c000 00:00 0 
b4cbc000-b4cbf000 ---p b4cbc000 00:00 0 
b4cbf000-b4d0d000 rwxp b4cbf000 00:00 0 
b4d0d000-b4d10000 ---p b4d0d000 00:00 0 
b4d10000-b4d8e000 rwxp b4d10000 00:00 0 
b4d8e000-b4d91000 ---p b4d8e000 00:00 0 
b4d91000-b4ddf000 rwxp b4d91000 00:00 0 
b4ddf000-b4e12000 rw-p b4ddf000 00:00 0 
b4e12000-b4fa8000 r--s 02fb1000 08:01 674101     /usr/lib/jvm/java-6-sun-1.6.0.14/jre/lib/rt.jar
b4fa8000-b4faf000 r--s 00000000 08:01 518117     /usr/lib/gconv/gconv-modules.cache
b4faf000-b4fb2000 ---p b4faf000 00:00 0 
b4fb2000-b5000000 rwxp b4fb2000 00:00 0 
b5000000-b5100000 rw-p b5000000 00:00 0 
b5102000-b5103000 rw-p b5102000 00:00 0 
b5103000-b5142000 r--p 00000000 08:01 540674     /usr/lib/locale/en_US.utf8/LC_CTYPE
b5142000-b5145000 ---p b5142000 00:00 0 
b5145000-b5193000 rwxp b5145000 00:00 0 
b5193000-b5194000 ---p b5193000 00:00 0 
b5194000-b521b000 rwxp b5194000 00:00 0 
b521b000-b5235000 rwxp b521b000 00:00 0 
b5235000-b523f000 rwxp b5235000 00:00 0 
b523f000-b5271000 rwxp b523f000 00:00 0 
b5271000-b5272000 rwxp b5271000 00:00 0 
b5272000-b5275000 rwxp b5272000 00:00 0 
b5275000-b5280000 rwxp b5275000 00:00 0 
b5280000-b52b1000 rwxp b5280000 00:00 0 
b52b1000-b52b7000 rwxp b52b1000 00:00 0 
b52b7000-b52d1000 rwxp b52b7000 00:00 0 
b52d1000-b52e0000 rwxp b52d1000 00:00 0 
b52e0000-b535c000 rwxp b52e0000 00:00 0 
b535c000-b5424000 rwxp b535c000 00:00 0 
b5424000-b735c000 rwxp b5424000 00:00 0 
b735c000-b736b000 r-xp 00000000 08:01 852552     /usr/lib/jvm/java-6-sun-1.6.0.14/jre/lib/i386/libzip.so
b736b000-b736d000 rw-p 0000e000 08:01 852552     /usr/lib/jvm/java-6-sun-1.6.0.14/jre/lib/i386/libzip.so
b736d000-b7375000 rw-s 00000000 08:01 1581073    /tmp/hsperfdata_jnwang/12372
b7375000-b737e000 r-xp 00000000 08:01 565413     /lib/tls/i686/cmov/libnss_files-2.7.so
b737e000-b7380000 rw-p 00008000 08:01 565413     /lib/tls/i686/cmov/libnss_files-2.7.so
b7380000-b7388000 r-xp 00000000 08:01 565415     /lib/tls/i686/cmov/libnss_nis-2.7.so
b7388000-b738a000 rw-p 00007000 08:01 565415     /lib/tls/i686/cmov/libnss_nis-2.7.so
b738a000-b7391000 r-xp 00000000 08:01 565410     /lib/tls/i686/cmov/libnss_compat-2.7.so
b7391000-b7393000 rw-p 00006000 08:01 565410     /lib/tls/i686/cmov/libnss_compat-2.7.so
b7393000-b739a000 rwxp b7393000 00:00 0 
b739a000-b73a0000 r-xp 00000000 08:01 852537     /usr/lib/jvm/java-6-sun-1.6.0.14/jre/lib/i386/native_threads/libhpi.so
b73a0000-b73a1000 rw-p 00006000 08:01 852537     /usr/lib/jvm/java-6-sun-1.6.0.14/jre/lib/i386/native_threads/libhpi.so
b73a1000-b73b5000 r-xp 00000000 08:01 565409     /lib/tls/i686/cmov/libnsl-2.7.so
b73b5000-b73b7000 rw-p 00013000 08:01 565409     /lib/tls/i686/cmov/libnsl-2.7.so
b73b7000-b73b9000 rw-p b73b7000 00:00 0 
b73b9000-b73dc000 r-xp 00000000 08:01 852549     /usr/lib/jvm/java-6-sun-1.6.0.14/jre/lib/i386/libjava.so
b73dc000-b73de000 rw-p 00023000 08:01 852549     /usr/lib/jvm/java-6-sun-1.6.0.14/jre/lib/i386/libjava.so
b73de000-b73e9000 r-xp 00000000 08:01 852548     /usr/lib/jvm/java-6-sun-1.6.0.14/jre/lib/i386/libverify.so
b73e9000-b73ea000 rw-p 0000b000 08:01 852548     /usr/lib/jvm/java-6-sun-1.6.0.14/jre/lib/i386/libverify.so
b73ea000-b73f1000 r-xp 00000000 08:01 565421     /lib/tls/i686/cmov/librt-2.7.so
b73f1000-b73f3000 rw-p 00006000 08:01 565421     /lib/tls/i686/cmov/librt-2.7.so
b73f3000-b73f5000 rw-p b73f3000 00:00 0 
b73f5000-b73f7000 r-xp 00000000 08:01 565405     /lib/tls/i686/cmov/libdl-2.7.so
b73f7000-b73f9000 rw-p 00001000 08:01 565405     /lib/tls/i686/cmov/libdl-2.7.so
b73f9000-b740d000 r-xp 00000000 08:01 565418     /lib/tls/i686/cmov/libpthread-2.7.so
b740d000-b740f000 rw-p 00013000 08:01 565418     /lib/tls/i686/cmov/libpthread-2.7.so
b740f000-b7411000 rw-p b740f000 00:00 0 
b7411000-b755a000 r-xp 00000000 08:01 565402     /lib/tls/i686/cmov/libc-2.7.so
b755a000-b755b000 r--p 00149000 08:01 565402     /lib/tls/i686/cmov/libc-2.7.so
b755b000-b755d000 rw-p 0014a000 08:01 565402     /lib/tls/i686/cmov/libc-2.7.so
b755d000-b7560000 rw-p b755d000 00:00 0 
b7560000-b756a000 r-xp 00000000 08:01 565264     /lib/libgcc_s.so.1
b756a000-b756b000 rw-p 0000a000 08:01 565264     /lib/libgcc_s.so.1
b756b000-b758e000 r-xp 00000000 08:01 565407     /lib/tls/i686/cmov/libm-2.7.so
b758e000-b7590000 rw-p 00023000 08:01 565407     /lib/tls/i686/cmov/libm-2.7.so
b7590000-b7591000 rw-p b7590000 00:00 0 
b7591000-b7679000 r-xp 00000000 08:01 517044     /usr/lib/libstdc++.so.6.0.9
b7679000-b767c000 r--p 000e8000 08:01 517044     /usr/lib/libstdc++.so.6.0.9
b767c000-b767e000 rw-p 000eb000 08:01 517044     /usr/lib/libstdc++.so.6.0.9
b767e000-b7684000 rw-p b767e000 00:00 0 
b7684000-b7689000 rwxp b7684000 00:00 0 
b7689000-b768a000 rw-p b7689000 00:00 0 
b768a000-b768b000 r--p b768a000 00:00 0 
b768b000-b7af0000 r-xp 00000000 08:01 852543     /usr/lib/jvm/java-6-sun-1.6.0.14/jre/lib/i386/client/libjvm.so
b7af0000-b7b10000 rw-p 00465000 08:01 852543     /usr/lib/jvm/java-6-sun-1.6.0.14/jre/lib/i386/client/libjvm.so
b7b10000-b7f32000 rw-p b7b10000 00:00 0 
b7f32000-b7f33000 r-xp b7f32000 00:00 0          [vdso]
b7f33000-b7f4d000 r-xp 00000000 08:01 565265     /lib/ld-2.7.so
b7f4d000-b7f4f000 rw-p 00019000 08:01 565265     /lib/ld-2.7.so
bfdc0000-bfdc3000 ---p bfdc0000 00:00 0 
bfdc3000-bfe10000 rwxp bffb2000 00:00 0          [stack]
bfe10000-bfe11000 rw-p bffff000 00:00 0 

VM Arguments:
jvm_args: -Xmx128m -Verbose:gc 
java_command: <unknown>
Launcher Type: generic

Environment Variables:
JAVA_HOME=/usr/lib/jvm/java-1.5.0-sun
CLASSPATH=/usr/lib/jvm/java-1.5.0-sun-1.5.0.16/jre/lib:/usr/lib/jvm/java-1.5.0-sun/lib:/usr/lib/jvm/java-1.5.0-sun/jre/lib
PATH=/home/jnwang/apache-ant-1.7.1/bin:/usr/local/sbin:/usr/local/bin:/usr/sbin:/usr/bin:/sbin:/bin:/usr/games:/usr/lib/jvm/java-1.5.0-sun/bin
LD_LIBRARY_PATH=:/usr/lib/jvm/java-6-sun-1.6.0.14/jre/lib/i386:/usr/lib/jvm/java-6-sun-1.6.0.14/jre/lib/i386/client
SHELL=/bin/bash

Signal Handlers:
SIGSEGV: [libjvm.so+0x3fc070], sa_mask[0]=0x7ffbfeff, sa_flags=0x10000004
SIGBUS: [libjvm.so+0x3fc070], sa_mask[0]=0x7ffbfeff, sa_flags=0x10000004
SIGFPE: [libjvm.so+0x325d30], sa_mask[0]=0x7ffbfeff, sa_flags=0x10000004
SIGPIPE: [libjvm.so+0x325d30], sa_mask[0]=0x7ffbfeff, sa_flags=0x10000004
SIGXFSZ: [libjvm.so+0x325d30], sa_mask[0]=0x7ffbfeff, sa_flags=0x10000004
SIGILL: [libjvm.so+0x325d30], sa_mask[0]=0x7ffbfeff, sa_flags=0x10000004
SIGUSR1: SIG_DFL, sa_mask[0]=0x00000000, sa_flags=0x00000000
SIGUSR2: [libjvm.so+0x328920], sa_mask[0]=0x00000000, sa_flags=0x10000004
SIGHUP: [libjvm.so+0x328650], sa_mask[0]=0x7ffbfeff, sa_flags=0x10000004
SIGINT: [libjvm.so+0x328650], sa_mask[0]=0x7ffbfeff, sa_flags=0x10000004
SIGTERM: [libjvm.so+0x328650], sa_mask[0]=0x7ffbfeff, sa_flags=0x10000004
SIGQUIT: [libjvm.so+0x328650], sa_mask[0]=0x7ffbfeff, sa_flags=0x10000004


---------------  S Y S T E M  ---------------

OS:lenny/sid

uname:Linux 2.6.24-24-server #1 SMP Wed Apr 15 16:36:01 UTC 2009 i686
libc:glibc 2.7 NPTL 2.7 
rlimit: STACK 8192k, CORE 0k, NPROC 71680, NOFILE 1024, AS infinity
load average:0.19 0.13 0.38

CPU:total 8 (4 cores per cpu, 1 threads per core) family 6 model 23 stepping 6, cmov, cx8, fxsr, mmx, sse, sse2, sse3, ssse3, sse4.1

Memory: 4k page, physical 8306696k(2251484k free), swap 9213236k(9213236k free)

vm_info: Java HotSpot(TM) Client VM (14.0-b16) for linux-x86 JRE (1.6.0_14-b08), built on May 21 2009 02:01:47 by "java_re" with gcc 3.2.1-7a (J2SE release)

time: Mon Jul  5 13:40:54 2010
elapsed time: 8 seconds

